2026-04-13 08:15:04.402 [Test worker] INFO  c.D.O.OrtizSerranoTp3ApplicationTests - Starting OrtizSerranoTp3ApplicationTests using Java 21.0.10 with PID 25172 (started by alumno26.ortiz.santiago@ipm.edu.ar in /home/Alumno26.ORTIZ.Santiago@ipm.edu.ar/Escritorio/2026/TP3/TP3-docs-Serrano-Ortiz/OrtizSerranoTP3)
2026-04-13 08:15:04.403 [Test worker] DEBUG c.D.O.OrtizSerranoTp3ApplicationTests - Running with Spring Boot v4.0.5, Spring v7.0.6
2026-04-13 08:15:04.404 [Test worker] INFO  c.D.O.OrtizSerranoTp3ApplicationTests - No active profile set, falling back to 1 default profile: "default"
2026-04-13 08:15:04.425 [Test worker] DEBUG o.s.w.c.s.GenericWebApplicationContext - Refreshing org.springframework.web.context.support.GenericWebApplicationContext@6a87026
2026-04-13 08:15:04.762 [Test worker] INFO  o.s.d.r.c.RepositoryConfigurationDelegate - Bootstrapping Spring Data JPA repositories in DEFAULT mode.
2026-04-13 08:15:04.773 [Test worker] DEBUG o.s.d.r.c.RepositoryConfigurationDelegate - Scanning for JPA repositories in packages com.DecanatoOrtizSerrano.OrtizSerranoTP3.
2026-04-13 08:15:04.778 [Test worker] INFO  o.s.d.r.c.RepositoryConfigurationDelegate - Finished Spring Data repository scanning in 4 ms. Found 0 JPA repository interfaces.
2026-04-13 08:15:04.991 [Test worker] INFO  com.zaxxer.hikari.HikariDataSource - HikariPool-1 - Starting...
2026-04-13 08:15:05.109 [Test worker] INFO  com.zaxxer.hikari.pool.HikariPool - HikariPool-1 - Added connection conn0: url=jdbc:h2:mem:decanato_db user=SA
2026-04-13 08:15:05.110 [Test worker] INFO  com.zaxxer.hikari.HikariDataSource - HikariPool-1 - Start completed.
2026-04-13 08:15:05.129 [Test worker] WARN  o.s.w.c.s.GenericWebApplicationContext - Exception encountered during context initialization - cancelling refresh attempt: org.springframework.beans.factory.BeanCreationException: Error creating bean with name 'entityManagerFactory' defined in class path resource [org/springframework/boot/hibernate/autoconfigure/HibernateJpaConfiguration.class]: Failed to initialize dependency 'dataSourceScriptDatabaseInitializer' of LoadTimeWeaverAware bean 'entityManagerFactory': Error creating bean with name 'dataSourceScriptDatabaseInitializer' defined in class path resource [org/springframework/boot/jdbc/autoconfigure/DataSourceInitializationAutoConfiguration.class]: Failed to execute SQL script statement #1 of file [/home/Alumno26.ORTIZ.Santiago@ipm.edu.ar/Escritorio/2026/TP3/TP3-docs-Serrano-Ortiz/OrtizSerranoTP3/build/resources/main/schema.sql]: CREATE TABLE usuarios ( id_usuario BIGINT AUTO_INCREMENT PRIMARY KEY, nombre VARCHAR(100) NOT NULL, apellido VARCHAR(100) NOT NULL, email VARCHAR(255) NOT NULL UNIQUE, password VARCHAR(255) NOT NULL, INDEX idx_email (email) )
2026-04-13 08:15:05.130 [Test worker] INFO  com.zaxxer.hikari.HikariDataSource - HikariPool-1 - Shutdown initiated...
2026-04-13 08:15:05.132 [Test worker] INFO  com.zaxxer.hikari.HikariDataSource - HikariPool-1 - Shutdown completed.
2026-04-13 08:15:05.156 [Test worker] INFO  o.s.b.a.l.ConditionEvaluationReportLogger - 

Error starting ApplicationContext. To display the condition evaluation report re-run your application with 'debug' enabled.
2026-04-13 08:15:05.166 [Test worker] ERROR o.s.boot.SpringApplication - Application run failed
org.springframework.beans.factory.BeanCreationException: Error creating bean with name 'entityManagerFactory' defined in class path resource [org/springframework/boot/hibernate/autoconfigure/HibernateJpaConfiguration.class]: Failed to initialize dependency 'dataSourceScriptDatabaseInitializer' of LoadTimeWeaverAware bean 'entityManagerFactory': Error creating bean with name 'dataSourceScriptDatabaseInitializer' defined in class path resource [org/springframework/boot/jdbc/autoconfigure/DataSourceInitializationAutoConfiguration.class]: Failed to execute SQL script statement #1 of file [/home/Alumno26.ORTIZ.Santiago@ipm.edu.ar/Escritorio/2026/TP3/TP3-docs-Serrano-Ortiz/OrtizSerranoTP3/build/resources/main/schema.sql]: CREATE TABLE usuarios ( id_usuario BIGINT AUTO_INCREMENT PRIMARY KEY, nombre VARCHAR(100) NOT NULL, apellido VARCHAR(100) NOT NULL, email VARCHAR(255) NOT NULL UNIQUE, password VARCHAR(255) NOT NULL, INDEX idx_email (email) )
	at org.springframework.beans.factory.support.AbstractBeanFactory.doGetBean(AbstractBeanFactory.java:322)
	at org.springframework.beans.factory.support.AbstractBeanFactory.getBean(AbstractBeanFactory.java:201)
	at org.springframework.context.support.AbstractApplicationContext.finishBeanFactoryInitialization(AbstractApplicationContext.java:977)
	at org.springframework.context.support.AbstractApplicationContext.refresh(AbstractApplicationContext.java:621)
	at org.springframework.boot.SpringApplication.refresh(SpringApplication.java:756)
	at org.springframework.boot.SpringApplication.refreshContext(SpringApplication.java:445)
	at org.springframework.boot.SpringApplication.run(SpringApplication.java:321)
	at org.springframework.boot.test.context.SpringBootContextLoader.lambda$loadContext$2(SpringBootContextLoader.java:155)
	at org.springframework.util.function.ThrowingSupplier.get(ThrowingSupplier.java:58)
	at org.springframework.util.function.ThrowingSupplier.get(ThrowingSupplier.java:46)
	at org.springframework.boot.SpringApplication.withHook(SpringApplication.java:1465)
	at org.springframework.boot.test.context.SpringBootContextLoader$ContextLoaderHook.run(SpringBootContextLoader.java:600)
	at org.springframework.boot.test.context.SpringBootContextLoader.loadContext(SpringBootContextLoader.java:155)
	at org.springframework.boot.test.context.SpringBootContextLoader.loadContext(SpringBootContextLoader.java:114)
	at org.springframework.test.context.cache.DefaultCacheAwareContextLoaderDelegate.loadContextInternal(DefaultCacheAwareContextLoaderDelegate.java:247)
	at org.springframework.test.context.cache.DefaultCacheAwareContextLoaderDelegate.lambda$loadContext$0(DefaultCacheAwareContextLoaderDelegate.java:167)
	at org.springframework.test.context.cache.DefaultContextCache.put(DefaultContextCache.java:214)
	at org.springframework.test.context.cache.DefaultCacheAwareContextLoaderDelegate.loadContext(DefaultCacheAwareContextLoaderDelegate.java:160)
	at org.springframework.test.context.support.DefaultTestContext.getApplicationContext(DefaultTestContext.java:128)
	at org.springframework.test.context.web.ServletTestExecutionListener.setUpRequestContextIfNecessary(ServletTestExecutionListener.java:200)
	at org.springframework.test.context.web.ServletTestExecutionListener.prepareTestInstance(ServletTestExecutionListener.java:139)
	at org.springframework.test.context.TestContextManager.prepareTestInstance(TestContextManager.java:260)
	at org.springframework.test.context.junit.jupiter.SpringExtension.postProcessTestInstance(SpringExtension.java:210)
	at org.junit.jupiter.engine.descriptor.ClassBasedTestDescriptor.lambda$invokeTestInstancePostProcessors$1(ClassBasedTestDescriptor.java:423)
	at org.junit.jupiter.engine.descriptor.ClassBasedTestDescriptor.executeAndMaskThrowable(ClassBasedTestDescriptor.java:428)
	at org.junit.jupiter.engine.descriptor.ClassBasedTestDescriptor.lambda$invokeTestInstancePostProcessors$0(ClassBasedTestDescriptor.java:422)
	at java.base/java.util.stream.ForEachOps$ForEachOp$OfRef.accept(ForEachOps.java:184)
	at java.base/java.util.stream.ReferencePipeline$3$1.accept(ReferencePipeline.java:197)
	at java.base/java.util.stream.ReferencePipeline$2$1.accept(ReferencePipeline.java:179)
	at java.base/java.util.stream.ReferencePipeline$3$1.accept(ReferencePipeline.java:197)
	at java.base/java.util.ArrayList$ArrayListSpliterator.forEachRemaining(ArrayList.java:1708)
	at java.base/java.util.stream.AbstractPipeline.copyInto(AbstractPipeline.java:509)
	at java.base/java.util.stream.AbstractPipeline.wrapAndCopyInto(AbstractPipeline.java:499)
	at java.base/java.util.stream.ForEachOps$ForEachOp.evaluateSequential(ForEachOps.java:151)
	at java.base/java.util.stream.ForEachOps$ForEachOp$OfRef.evaluateSequential(ForEachOps.java:174)
	at java.base/java.util.stream.AbstractPipeline.evaluate(AbstractPipeline.java:234)
	at java.base/java.util.stream.ReferencePipeline.forEach(ReferencePipeline.java:596)
	at org.junit.jupiter.engine.descriptor.ClassBasedTestDescriptor.invokeTestInstancePostProcessors(ClassBasedTestDescriptor.java:422)
	at org.junit.jupiter.engine.descriptor.ClassBasedTestDescriptor.lambda$instantiateAndPostProcessTestInstance$0(ClassBasedTestDescriptor.java:334)
	at org.junit.platform.engine.support.hierarchical.ThrowableCollector.execute(ThrowableCollector.java:74)
	at org.junit.jupiter.engine.descriptor.ClassBasedTestDescriptor.instantiateAndPostProcessTestInstance(ClassBasedTestDescriptor.java:333)
	at org.junit.jupiter.engine.descriptor.ClassBasedTestDescriptor.lambda$testInstancesProvider$1(ClassBasedTestDescriptor.java:322)
	at java.base/java.util.Optional.orElseGet(Optional.java:364)
	at org.junit.jupiter.engine.descriptor.ClassBasedTestDescriptor.lambda$testInstancesProvider$0(ClassBasedTestDescriptor.java:321)
	at org.junit.jupiter.engine.execution.TestInstancesProvider.getTestInstances(TestInstancesProvider.java:27)
	at org.junit.jupiter.engine.descriptor.TestMethodTestDescriptor.lambda$prepare$0(TestMethodTestDescriptor.java:127)
	at org.junit.platform.engine.support.hierarchical.ThrowableCollector.execute(ThrowableCollector.java:74)
	at org.junit.jupiter.engine.descriptor.TestMethodTestDescriptor.prepare(TestMethodTestDescriptor.java:126)
	at org.junit.jupiter.engine.descriptor.TestMethodTestDescriptor.prepare(TestMethodTestDescriptor.java:70)
	at org.junit.platform.engine.support.hierarchical.NodeTestTask.lambda$prepare$0(NodeTestTask.java:144)
	at org.junit.platform.engine.support.hierarchical.ThrowableCollector.execute(ThrowableCollector.java:74)
	at org.junit.platform.engine.support.hierarchical.NodeTestTask.prepare(NodeTestTask.java:144)
	at org.junit.platform.engine.support.hierarchical.NodeTestTask.execute(NodeTestTask.java:110)
	at java.base/java.util.ArrayList.forEach(ArrayList.java:1596)
	at org.junit.platform.engine.support.hierarchical.SameThreadHierarchicalTestExecutorService.invokeAll(SameThreadHierarchicalTestExecutorService.java:42)
	at org.junit.platform.engine.support.hierarchical.NodeTestTask.lambda$executeRecursively$2(NodeTestTask.java:180)
	at org.junit.platform.engine.support.hierarchical.ThrowableCollector.execute(ThrowableCollector.java:74)
	at org.junit.platform.engine.support.hierarchical.NodeTestTask.lambda$executeRecursively$1(NodeTestTask.java:166)
	at org.junit.platform.engine.support.hierarchical.Node.around(Node.java:138)
	at org.junit.platform.engine.support.hierarchical.NodeTestTask.lambda$executeRecursively$0(NodeTestTask.java:164)
	at org.junit.platform.engine.support.hierarchical.ThrowableCollector.execute(ThrowableCollector.java:74)
	at org.junit.platform.engine.support.hierarchical.NodeTestTask.executeRecursively(NodeTestTask.java:163)
	at org.junit.platform.engine.support.hierarchical.NodeTestTask.execute(NodeTestTask.java:116)
	at java.base/java.util.ArrayList.forEach(ArrayList.java:1596)
	at org.junit.platform.engine.support.hierarchical.SameThreadHierarchicalTestExecutorService.invokeAll(SameThreadHierarchicalTestExecutorService.java:42)
	at org.junit.platform.engine.support.hierarchical.NodeTestTask.lambda$executeRecursively$2(NodeTestTask.java:180)
	at org.junit.platform.engine.support.hierarchical.ThrowableCollector.execute(ThrowableCollector.java:74)
	at org.junit.platform.engine.support.hierarchical.NodeTestTask.lambda$executeRecursively$1(NodeTestTask.java:166)
	at org.junit.platform.engine.support.hierarchical.Node.around(Node.java:138)
	at org.junit.platform.engine.support.hierarchical.NodeTestTask.lambda$executeRecursively$0(NodeTestTask.java:164)
	at org.junit.platform.engine.support.hierarchical.ThrowableCollector.execute(ThrowableCollector.java:74)
	at org.junit.platform.engine.support.hierarchical.NodeTestTask.executeRecursively(NodeTestTask.java:163)
	at org.junit.platform.engine.support.hierarchical.NodeTestTask.execute(NodeTestTask.java:116)
	at org.junit.platform.engine.support.hierarchical.SameThreadHierarchicalTestExecutorService.submit(SameThreadHierarchicalTestExecutorService.java:36)
	at org.junit.platform.engine.support.hierarchical.HierarchicalTestExecutor.execute(HierarchicalTestExecutor.java:52)
	at org.junit.platform.engine.support.hierarchical.HierarchicalTestEngine.execute(HierarchicalTestEngine.java:58)
	at org.junit.platform.launcher.core.EngineExecutionOrchestrator.executeEngine(EngineExecutionOrchestrator.java:246)
	at org.junit.platform.launcher.core.EngineExecutionOrchestrator.failOrExecuteEngine(EngineExecutionOrchestrator.java:218)
	at org.junit.platform.launcher.core.EngineExecutionOrchestrator.execute(EngineExecutionOrchestrator.java:179)
	at org.junit.platform.launcher.core.EngineExecutionOrchestrator.execute(EngineExecutionOrchestrator.java:108)
	at org.junit.platform.launcher.core.EngineExecutionOrchestrator.lambda$execute$0(EngineExecutionOrchestrator.java:66)
	at org.junit.platform.launcher.core.EngineExecutionOrchestrator.withInterceptedStreams(EngineExecutionOrchestrator.java:157)
	at org.junit.platform.launcher.core.EngineExecutionOrchestrator.execute(EngineExecutionOrchestrator.java:65)
	at org.junit.platform.launcher.core.DefaultLauncher.execute(DefaultLauncher.java:125)
	at org.junit.platform.launcher.core.DefaultLauncher.execute(DefaultLauncher.java:114)
	at org.junit.platform.launcher.core.DefaultLauncher.execute(DefaultLauncher.java:93)
	at org.junit.platform.launcher.core.DelegatingLauncher.execute(DelegatingLauncher.java:48)
	at org.junit.platform.launcher.core.InterceptingLauncher.lambda$execute$0(InterceptingLauncher.java:41)
	at org.junit.platform.launcher.core.ClasspathAlignmentCheckingLauncherInterceptor.intercept(ClasspathAlignmentCheckingLauncherInterceptor.java:25)
	at org.junit.platform.launcher.core.InterceptingLauncher.execute(InterceptingLauncher.java:40)
	at org.junit.platform.launcher.core.DelegatingLauncher.execute(DelegatingLauncher.java:48)
	at org.gradle.api.internal.tasks.testing.junitplatform.JUnitPlatformTestDefinitionProcessor$CollectThenExecuteTestDefinitionConsumer.processAllTestDefinitions(JUnitPlatformTestDefinitionProcessor.java:179)
	at org.gradle.api.internal.tasks.testing.junitplatform.JUnitPlatformTestDefinitionProcessor$CollectThenExecuteTestDefinitionConsumer.access$000(JUnitPlatformTestDefinitionProcessor.java:122)
	at org.gradle.api.internal.tasks.testing.junitplatform.JUnitPlatformTestDefinitionProcessor.stop(JUnitPlatformTestDefinitionProcessor.java:116)
	at org.gradle.api.internal.tasks.testing.SuiteTestDefinitionProcessor.stop(SuiteTestDefinitionProcessor.java:63)
	at java.base/jdk.internal.reflect.DirectMethodHandleAccessor.invoke(DirectMethodHandleAccessor.java:103)
	at java.base/java.lang.reflect.Method.invoke(Method.java:580)
	at org.gradle.internal.dispatch.MethodInvocation.invokeOn(MethodInvocation.java:77)
	at org.gradle.internal.dispatch.ReflectionDispatch.dispatch(ReflectionDispatch.java:28)
	at org.gradle.internal.dispatch.ReflectionDispatch.dispatch(ReflectionDispatch.java:19)
	at org.gradle.internal.dispatch.ContextClassLoaderDispatch.dispatch(ContextClassLoaderDispatch.java:33)
	at org.gradle.internal.dispatch.ProxyDispatchAdapter$DispatchingInvocationHandler.invoke(ProxyDispatchAdapter.java:88)
	at jdk.proxy1/jdk.proxy1.$Proxy4.stop(Unknown Source)
	at org.gradle.api.internal.tasks.testing.worker.TestWorker$3.run(TestWorker.java:195)
	at org.gradle.api.internal.tasks.testing.worker.TestWorker.executeAndMaintainThreadName(TestWorker.java:126)
	at org.gradle.api.internal.tasks.testing.worker.TestWorker.execute(TestWorker.java:103)
	at org.gradle.api.internal.tasks.testing.worker.TestWorker.execute(TestWorker.java:63)
	at org.gradle.process.internal.worker.child.ActionExecutionWorker.execute(ActionExecutionWorker.java:56)
	at org.gradle.process.internal.worker.child.SystemApplicationClassLoaderWorker.call(SystemApplicationClassLoaderWorker.java:122)
	at org.gradle.process.internal.worker.child.SystemApplicationClassLoaderWorker.call(SystemApplicationClassLoaderWorker.java:72)
	at worker.org.gradle.process.internal.worker.GradleWorkerMain.run(GradleWorkerMain.java:69)
	at worker.org.gradle.process.internal.worker.GradleWorkerMain.main(GradleWorkerMain.java:74)
Caused by: org.springframework.beans.factory.BeanCreationException: Error creating bean with name 'dataSourceScriptDatabaseInitializer' defined in class path resource [org/springframework/boot/jdbc/autoconfigure/DataSourceInitializationAutoConfiguration.class]: Failed to execute SQL script statement #1 of file [/home/Alumno26.ORTIZ.Santiago@ipm.edu.ar/Escritorio/2026/TP3/TP3-docs-Serrano-Ortiz/OrtizSerranoTP3/build/resources/main/schema.sql]: CREATE TABLE usuarios ( id_usuario BIGINT AUTO_INCREMENT PRIMARY KEY, nombre VARCHAR(100) NOT NULL, apellido VARCHAR(100) NOT NULL, email VARCHAR(255) NOT NULL UNIQUE, password VARCHAR(255) NOT NULL, INDEX idx_email (email) )
	at org.springframework.beans.factory.support.AbstractAutowireCapableBeanFactory.initializeBean(AbstractAutowireCapableBeanFactory.java:1817)
	at org.springframework.beans.factory.support.AbstractAutowireCapableBeanFactory.doCreateBean(AbstractAutowireCapableBeanFactory.java:603)
	at org.springframework.beans.factory.support.AbstractAutowireCapableBeanFactory.createBean(AbstractAutowireCapableBeanFactory.java:525)
	at org.springframework.beans.factory.support.AbstractBeanFactory.lambda$doGetBean$0(AbstractBeanFactory.java:333)
	at org.springframework.beans.factory.support.DefaultSingletonBeanRegistry.getSingleton(DefaultSingletonBeanRegistry.java:371)
	at org.springframework.beans.factory.support.AbstractBeanFactory.doGetBean(AbstractBeanFactory.java:331)
	at org.springframework.beans.factory.support.AbstractBeanFactory.getBean(AbstractBeanFactory.java:196)
	at org.springframework.beans.factory.support.AbstractBeanFactory.doGetBean(AbstractBeanFactory.java:309)
	... 111 common frames omitted
Caused by: org.springframework.jdbc.datasource.init.ScriptStatementFailedException: Failed to execute SQL script statement #1 of file [/home/Alumno26.ORTIZ.Santiago@ipm.edu.ar/Escritorio/2026/TP3/TP3-docs-Serrano-Ortiz/OrtizSerranoTP3/build/resources/main/schema.sql]: CREATE TABLE usuarios ( id_usuario BIGINT AUTO_INCREMENT PRIMARY KEY, nombre VARCHAR(100) NOT NULL, apellido VARCHAR(100) NOT NULL, email VARCHAR(255) NOT NULL UNIQUE, password VARCHAR(255) NOT NULL, INDEX idx_email (email) )
	at org.springframework.jdbc.datasource.init.ScriptUtils.executeSqlScript(ScriptUtils.java:293)
	at org.springframework.jdbc.datasource.init.ResourceDatabasePopulator.populate(ResourceDatabasePopulator.java:254)
	at org.springframework.jdbc.datasource.init.DatabasePopulatorUtils.execute(DatabasePopulatorUtils.java:54)
	at org.springframework.boot.jdbc.init.DataSourceScriptDatabaseInitializer.runScripts(DataSourceScriptDatabaseInitializer.java:87)
	at org.springframework.boot.sql.init.AbstractScriptDatabaseInitializer.runScripts(AbstractScriptDatabaseInitializer.java:159)
	at org.springframework.boot.sql.init.AbstractScriptDatabaseInitializer.applyScripts(AbstractScriptDatabaseInitializer.java:120)
	at org.springframework.boot.sql.init.AbstractScriptDatabaseInitializer.applySchemaScripts(AbstractScriptDatabaseInitializer.java:109)
	at org.springframework.boot.sql.init.AbstractScriptDatabaseInitializer.initializeDatabase(AbstractScriptDatabaseInitializer.java:87)
	at org.springframework.boot.sql.init.AbstractScriptDatabaseInitializer.afterPropertiesSet(AbstractScriptDatabaseInitializer.java:77)
	at org.springframework.beans.factory.support.AbstractAutowireCapableBeanFactory.invokeInitMethods(AbstractAutowireCapableBeanFactory.java:1864)
	at org.springframework.beans.factory.support.AbstractAutowireCapableBeanFactory.initializeBean(AbstractAutowireCapableBeanFactory.java:1813)
	... 118 common frames omitted
Caused by: org.h2.jdbc.JdbcSQLNonTransientException: Tipo de dato desconocido : "IDX_EMAIL"
Unknown data type: "IDX_EMAIL"; SQL statement:
CREATE TABLE usuarios ( id_usuario BIGINT AUTO_INCREMENT PRIMARY KEY, nombre VARCHAR(100) NOT NULL, apellido VARCHAR(100) NOT NULL, email VARCHAR(255) NOT NULL UNIQUE, password VARCHAR(255) NOT NULL, INDEX idx_email (email) ) [50004-240]
	at org.h2.message.DbException.getJdbcSQLException(DbException.java:566)
	at org.h2.message.DbException.getJdbcSQLException(DbException.java:489)
	at org.h2.message.DbException.get(DbException.java:223)
	at org.h2.message.DbException.get(DbException.java:199)
	at org.h2.command.Parser.readIfDataType1(Parser.java:5908)
	at org.h2.command.Parser.readIfDataType(Parser.java:5739)
	at org.h2.command.Parser.parseColumnWithType(Parser.java:5721)
	at org.h2.command.Parser.parseColumnForTable(Parser.java:5600)
	at org.h2.command.Parser.parseTableColumnDefinition(Parser.java:8983)
	at org.h2.command.Parser.parseCreateTable(Parser.java:8926)
	at org.h2.command.Parser.parseCreate(Parser.java:6483)
	at org.h2.command.Parser.parsePrepared(Parser.java:648)
	at org.h2.command.Parser.parse(Parser.java:584)
	at org.h2.command.Parser.parse(Parser.java:559)
	at org.h2.command.Parser.prepareCommand(Parser.java:487)
	at org.h2.engine.SessionLocal.prepareLocal(SessionLocal.java:647)
	at org.h2.engine.SessionLocal.prepareCommand(SessionLocal.java:563)
	at org.h2.jdbc.JdbcConnection.prepareCommand(JdbcConnection.java:1160)
	at org.h2.jdbc.JdbcStatement.executeInternal(JdbcStatement.java:245)
	at org.h2.jdbc.JdbcStatement.execute(JdbcStatement.java:231)
	at com.zaxxer.hikari.pool.ProxyStatement.execute(ProxyStatement.java:95)
	at com.zaxxer.hikari.pool.HikariProxyStatement.execute(HikariProxyStatement.java)
	at org.springframework.jdbc.datasource.init.ScriptUtils.executeSqlScript(ScriptUtils.java:261)
	... 128 common frames omitted
2026-04-13 08:15:05.173 [Test worker] WARN  o.s.test.context.TestContextManager - Caught exception while allowing TestExecutionListener [org.springframework.test.context.web.ServletTestExecutionListener] to prepare test instance [com.DecanatoOrtizSerrano.OrtizSerranoTP3.OrtizSerranoTp3ApplicationTests@45707f76]
java.lang.IllegalStateException: Failed to load ApplicationContext for [WebMergedContextConfiguration@5efe5b25 testClass = com.DecanatoOrtizSerrano.OrtizSerranoTP3.OrtizSerranoTp3ApplicationTests, locations = [], classes = [com.DecanatoOrtizSerrano.OrtizSerranoTP3.OrtizSerranoTp3Application], contextInitializerClasses = [], activeProfiles = [], propertySourceDescriptors = [], propertySourceProperties = ["org.springframework.boot.test.context.SpringBootTestContextBootstrapper=true"], contextCustomizers = [org.springframework.boot.test.autoconfigure.OnFailureConditionReportContextCustomizerFactory$OnFailureConditionReportContextCustomizer@210f0cc1, org.springframework.boot.test.context.PropertyMappingContextCustomizer@0, org.springframework.boot.test.context.filter.ExcludeFilterContextCustomizer@60e949e1, org.springframework.boot.test.json.DuplicateJsonObjectContextCustomizerFactory$DuplicateJsonObjectContextCustomizer@1358b28e, org.springframework.test.context.support.DynamicPropertiesContextCustomizer@0, org.springframework.boot.web.server.context.SpringBootTestRandomPortContextCustomizer@68105edc, org.springframework.boot.test.context.SpringBootTestAnnotation@f408d214], resourceBasePath = "src/main/webapp", contextLoader = org.springframework.boot.test.context.SpringBootContextLoader, parent = null]
	at org.springframework.test.context.cache.DefaultCacheAwareContextLoaderDelegate.lambda$loadContext$0(DefaultCacheAwareContextLoaderDelegate.java:195)
	at org.springframework.test.context.cache.DefaultContextCache.put(DefaultContextCache.java:214)
	at org.springframework.test.context.cache.DefaultCacheAwareContextLoaderDelegate.loadContext(DefaultCacheAwareContextLoaderDelegate.java:160)
	at org.springframework.test.context.support.DefaultTestContext.getApplicationContext(DefaultTestContext.java:128)
	at org.springframework.test.context.web.ServletTestExecutionListener.setUpRequestContextIfNecessary(ServletTestExecutionListener.java:200)
	at org.springframework.test.context.web.ServletTestExecutionListener.prepareTestInstance(ServletTestExecutionListener.java:139)
	at org.springframework.test.context.TestContextManager.prepareTestInstance(TestContextManager.java:260)
	at org.springframework.test.context.junit.jupiter.SpringExtension.postProcessTestInstance(SpringExtension.java:210)
	at org.junit.jupiter.engine.descriptor.ClassBasedTestDescriptor.lambda$invokeTestInstancePostProcessors$1(ClassBasedTestDescriptor.java:423)
	at org.junit.jupiter.engine.descriptor.ClassBasedTestDescriptor.executeAndMaskThrowable(ClassBasedTestDescriptor.java:428)
	at org.junit.jupiter.engine.descriptor.ClassBasedTestDescriptor.lambda$invokeTestInstancePostProcessors$0(ClassBasedTestDescriptor.java:422)
	at java.base/java.util.stream.ForEachOps$ForEachOp$OfRef.accept(ForEachOps.java:184)
	at java.base/java.util.stream.ReferencePipeline$3$1.accept(ReferencePipeline.java:197)
	at java.base/java.util.stream.ReferencePipeline$2$1.accept(ReferencePipeline.java:179)
	at java.base/java.util.stream.ReferencePipeline$3$1.accept(ReferencePipeline.java:197)
	at java.base/java.util.ArrayList$ArrayListSpliterator.forEachRemaining(ArrayList.java:1708)
	at java.base/java.util.stream.AbstractPipeline.copyInto(AbstractPipeline.java:509)
	at java.base/java.util.stream.AbstractPipeline.wrapAndCopyInto(AbstractPipeline.java:499)
	at java.base/java.util.stream.ForEachOps$ForEachOp.evaluateSequential(ForEachOps.java:151)
	at java.base/java.util.stream.ForEachOps$ForEachOp$OfRef.evaluateSequential(ForEachOps.java:174)
	at java.base/java.util.stream.AbstractPipeline.evaluate(AbstractPipeline.java:234)
	at java.base/java.util.stream.ReferencePipeline.forEach(ReferencePipeline.java:596)
	at org.junit.jupiter.engine.descriptor.ClassBasedTestDescriptor.invokeTestInstancePostProcessors(ClassBasedTestDescriptor.java:422)
	at org.junit.jupiter.engine.descriptor.ClassBasedTestDescriptor.lambda$instantiateAndPostProcessTestInstance$0(ClassBasedTestDescriptor.java:334)
	at org.junit.platform.engine.support.hierarchical.ThrowableCollector.execute(ThrowableCollector.java:74)
	at org.junit.jupiter.engine.descriptor.ClassBasedTestDescriptor.instantiateAndPostProcessTestInstance(ClassBasedTestDescriptor.java:333)
	at org.junit.jupiter.engine.descriptor.ClassBasedTestDescriptor.lambda$testInstancesProvider$1(ClassBasedTestDescriptor.java:322)
	at java.base/java.util.Optional.orElseGet(Optional.java:364)
	at org.junit.jupiter.engine.descriptor.ClassBasedTestDescriptor.lambda$testInstancesProvider$0(ClassBasedTestDescriptor.java:321)
	at org.junit.jupiter.engine.execution.TestInstancesProvider.getTestInstances(TestInstancesProvider.java:27)
	at org.junit.jupiter.engine.descriptor.TestMethodTestDescriptor.lambda$prepare$0(TestMethodTestDescriptor.java:127)
	at org.junit.platform.engine.support.hierarchical.ThrowableCollector.execute(ThrowableCollector.java:74)
	at org.junit.jupiter.engine.descriptor.TestMethodTestDescriptor.prepare(TestMethodTestDescriptor.java:126)
	at org.junit.jupiter.engine.descriptor.TestMethodTestDescriptor.prepare(TestMethodTestDescriptor.java:70)
	at org.junit.platform.engine.support.hierarchical.NodeTestTask.lambda$prepare$0(NodeTestTask.java:144)
	at org.junit.platform.engine.support.hierarchical.ThrowableCollector.execute(ThrowableCollector.java:74)
	at org.junit.platform.engine.support.hierarchical.NodeTestTask.prepare(NodeTestTask.java:144)
	at org.junit.platform.engine.support.hierarchical.NodeTestTask.execute(NodeTestTask.java:110)
	at java.base/java.util.ArrayList.forEach(ArrayList.java:1596)
	at org.junit.platform.engine.support.hierarchical.SameThreadHierarchicalTestExecutorService.invokeAll(SameThreadHierarchicalTestExecutorService.java:42)
	at org.junit.platform.engine.support.hierarchical.NodeTestTask.lambda$executeRecursively$2(NodeTestTask.java:180)
	at org.junit.platform.engine.support.hierarchical.ThrowableCollector.execute(ThrowableCollector.java:74)
	at org.junit.platform.engine.support.hierarchical.NodeTestTask.lambda$executeRecursively$1(NodeTestTask.java:166)
	at org.junit.platform.engine.support.hierarchical.Node.around(Node.java:138)
	at org.junit.platform.engine.support.hierarchical.NodeTestTask.lambda$executeRecursively$0(NodeTestTask.java:164)
	at org.junit.platform.engine.support.hierarchical.ThrowableCollector.execute(ThrowableCollector.java:74)
	at org.junit.platform.engine.support.hierarchical.NodeTestTask.executeRecursively(NodeTestTask.java:163)
	at org.junit.platform.engine.support.hierarchical.NodeTestTask.execute(NodeTestTask.java:116)
	at java.base/java.util.ArrayList.forEach(ArrayList.java:1596)
	at org.junit.platform.engine.support.hierarchical.SameThreadHierarchicalTestExecutorService.invokeAll(SameThreadHierarchicalTestExecutorService.java:42)
	at org.junit.platform.engine.support.hierarchical.NodeTestTask.lambda$executeRecursively$2(NodeTestTask.java:180)
	at org.junit.platform.engine.support.hierarchical.ThrowableCollector.execute(ThrowableCollector.java:74)
	at org.junit.platform.engine.support.hierarchical.NodeTestTask.lambda$executeRecursively$1(NodeTestTask.java:166)
	at org.junit.platform.engine.support.hierarchical.Node.around(Node.java:138)
	at org.junit.platform.engine.support.hierarchical.NodeTestTask.lambda$executeRecursively$0(NodeTestTask.java:164)
	at org.junit.platform.engine.support.hierarchical.ThrowableCollector.execute(ThrowableCollector.java:74)
	at org.junit.platform.engine.support.hierarchical.NodeTestTask.executeRecursively(NodeTestTask.java:163)
	at org.junit.platform.engine.support.hierarchical.NodeTestTask.execute(NodeTestTask.java:116)
	at org.junit.platform.engine.support.hierarchical.SameThreadHierarchicalTestExecutorService.submit(SameThreadHierarchicalTestExecutorService.java:36)
	at org.junit.platform.engine.support.hierarchical.HierarchicalTestExecutor.execute(HierarchicalTestExecutor.java:52)
	at org.junit.platform.engine.support.hierarchical.HierarchicalTestEngine.execute(HierarchicalTestEngine.java:58)
	at org.junit.platform.launcher.core.EngineExecutionOrchestrator.executeEngine(EngineExecutionOrchestrator.java:246)
	at org.junit.platform.launcher.core.EngineExecutionOrchestrator.failOrExecuteEngine(EngineExecutionOrchestrator.java:218)
	at org.junit.platform.launcher.core.EngineExecutionOrchestrator.execute(EngineExecutionOrchestrator.java:179)
	at org.junit.platform.launcher.core.EngineExecutionOrchestrator.execute(EngineExecutionOrchestrator.java:108)
	at org.junit.platform.launcher.core.EngineExecutionOrchestrator.lambda$execute$0(EngineExecutionOrchestrator.java:66)
	at org.junit.platform.launcher.core.EngineExecutionOrchestrator.withInterceptedStreams(EngineExecutionOrchestrator.java:157)
	at org.junit.platform.launcher.core.EngineExecutionOrchestrator.execute(EngineExecutionOrchestrator.java:65)
	at org.junit.platform.launcher.core.DefaultLauncher.execute(DefaultLauncher.java:125)
	at org.junit.platform.launcher.core.DefaultLauncher.execute(DefaultLauncher.java:114)
	at org.junit.platform.launcher.core.DefaultLauncher.execute(DefaultLauncher.java:93)
	at org.junit.platform.launcher.core.DelegatingLauncher.execute(DelegatingLauncher.java:48)
	at org.junit.platform.launcher.core.InterceptingLauncher.lambda$execute$0(InterceptingLauncher.java:41)
	at org.junit.platform.launcher.core.ClasspathAlignmentCheckingLauncherInterceptor.intercept(ClasspathAlignmentCheckingLauncherInterceptor.java:25)
	at org.junit.platform.launcher.core.InterceptingLauncher.execute(InterceptingLauncher.java:40)
	at org.junit.platform.launcher.core.DelegatingLauncher.execute(DelegatingLauncher.java:48)
	at org.gradle.api.internal.tasks.testing.junitplatform.JUnitPlatformTestDefinitionProcessor$CollectThenExecuteTestDefinitionConsumer.processAllTestDefinitions(JUnitPlatformTestDefinitionProcessor.java:179)
	at org.gradle.api.internal.tasks.testing.junitplatform.JUnitPlatformTestDefinitionProcessor$CollectThenExecuteTestDefinitionConsumer.access$000(JUnitPlatformTestDefinitionProcessor.java:122)
	at org.gradle.api.internal.tasks.testing.junitplatform.JUnitPlatformTestDefinitionProcessor.stop(JUnitPlatformTestDefinitionProcessor.java:116)
	at org.gradle.api.internal.tasks.testing.SuiteTestDefinitionProcessor.stop(SuiteTestDefinitionProcessor.java:63)
	at java.base/jdk.internal.reflect.DirectMethodHandleAccessor.invoke(DirectMethodHandleAccessor.java:103)
	at java.base/java.lang.reflect.Method.invoke(Method.java:580)
	at org.gradle.internal.dispatch.MethodInvocation.invokeOn(MethodInvocation.java:77)
	at org.gradle.internal.dispatch.ReflectionDispatch.dispatch(ReflectionDispatch.java:28)
	at org.gradle.internal.dispatch.ReflectionDispatch.dispatch(ReflectionDispatch.java:19)
	at org.gradle.internal.dispatch.ContextClassLoaderDispatch.dispatch(ContextClassLoaderDispatch.java:33)
	at org.gradle.internal.dispatch.ProxyDispatchAdapter$DispatchingInvocationHandler.invoke(ProxyDispatchAdapter.java:88)
	at jdk.proxy1/jdk.proxy1.$Proxy4.stop(Unknown Source)
	at org.gradle.api.internal.tasks.testing.worker.TestWorker$3.run(TestWorker.java:195)
	at org.gradle.api.internal.tasks.testing.worker.TestWorker.executeAndMaintainThreadName(TestWorker.java:126)
	at org.gradle.api.internal.tasks.testing.worker.TestWorker.execute(TestWorker.java:103)
	at org.gradle.api.internal.tasks.testing.worker.TestWorker.execute(TestWorker.java:63)
	at org.gradle.process.internal.worker.child.ActionExecutionWorker.execute(ActionExecutionWorker.java:56)
	at org.gradle.process.internal.worker.child.SystemApplicationClassLoaderWorker.call(SystemApplicationClassLoaderWorker.java:122)
	at org.gradle.process.internal.worker.child.SystemApplicationClassLoaderWorker.call(SystemApplicationClassLoaderWorker.java:72)
	at worker.org.gradle.process.internal.worker.GradleWorkerMain.run(GradleWorkerMain.java:69)
	at worker.org.gradle.process.internal.worker.GradleWorkerMain.main(GradleWorkerMain.java:74)
Caused by: org.springframework.beans.factory.BeanCreationException: Error creating bean with name 'entityManagerFactory' defined in class path resource [org/springframework/boot/hibernate/autoconfigure/HibernateJpaConfiguration.class]: Failed to initialize dependency 'dataSourceScriptDatabaseInitializer' of LoadTimeWeaverAware bean 'entityManagerFactory': Error creating bean with name 'dataSourceScriptDatabaseInitializer' defined in class path resource [org/springframework/boot/jdbc/autoconfigure/DataSourceInitializationAutoConfiguration.class]: Failed to execute SQL script statement #1 of file [/home/Alumno26.ORTIZ.Santiago@ipm.edu.ar/Escritorio/2026/TP3/TP3-docs-Serrano-Ortiz/OrtizSerranoTP3/build/resources/main/schema.sql]: CREATE TABLE usuarios ( id_usuario BIGINT AUTO_INCREMENT PRIMARY KEY, nombre VARCHAR(100) NOT NULL, apellido VARCHAR(100) NOT NULL, email VARCHAR(255) NOT NULL UNIQUE, password VARCHAR(255) NOT NULL, INDEX idx_email (email) )
	at org.springframework.beans.factory.support.AbstractBeanFactory.doGetBean(AbstractBeanFactory.java:322)
	at org.springframework.beans.factory.support.AbstractBeanFactory.getBean(AbstractBeanFactory.java:201)
	at org.springframework.context.support.AbstractApplicationContext.finishBeanFactoryInitialization(AbstractApplicationContext.java:977)
	at org.springframework.context.support.AbstractApplicationContext.refresh(AbstractApplicationContext.java:621)
	at org.springframework.boot.SpringApplication.refresh(SpringApplication.java:756)
	at org.springframework.boot.SpringApplication.refreshContext(SpringApplication.java:445)
	at org.springframework.boot.SpringApplication.run(SpringApplication.java:321)
	at org.springframework.boot.test.context.SpringBootContextLoader.lambda$loadContext$2(SpringBootContextLoader.java:155)
	at org.springframework.util.function.ThrowingSupplier.get(ThrowingSupplier.java:58)
	at org.springframework.util.function.ThrowingSupplier.get(ThrowingSupplier.java:46)
	at org.springframework.boot.SpringApplication.withHook(SpringApplication.java:1465)
	at org.springframework.boot.test.context.SpringBootContextLoader$ContextLoaderHook.run(SpringBootContextLoader.java:600)
	at org.springframework.boot.test.context.SpringBootContextLoader.loadContext(SpringBootContextLoader.java:155)
	at org.springframework.boot.test.context.SpringBootContextLoader.loadContext(SpringBootContextLoader.java:114)
	at org.springframework.test.context.cache.DefaultCacheAwareContextLoaderDelegate.loadContextInternal(DefaultCacheAwareContextLoaderDelegate.java:247)
	at org.springframework.test.context.cache.DefaultCacheAwareContextLoaderDelegate.lambda$loadContext$0(DefaultCacheAwareContextLoaderDelegate.java:167)
	... 96 common frames omitted
Caused by: org.springframework.beans.factory.BeanCreationException: Error creating bean with name 'dataSourceScriptDatabaseInitializer' defined in class path resource [org/springframework/boot/jdbc/autoconfigure/DataSourceInitializationAutoConfiguration.class]: Failed to execute SQL script statement #1 of file [/home/Alumno26.ORTIZ.Santiago@ipm.edu.ar/Escritorio/2026/TP3/TP3-docs-Serrano-Ortiz/OrtizSerranoTP3/build/resources/main/schema.sql]: CREATE TABLE usuarios ( id_usuario BIGINT AUTO_INCREMENT PRIMARY KEY, nombre VARCHAR(100) NOT NULL, apellido VARCHAR(100) NOT NULL, email VARCHAR(255) NOT NULL UNIQUE, password VARCHAR(255) NOT NULL, INDEX idx_email (email) )
	at org.springframework.beans.factory.support.AbstractAutowireCapableBeanFactory.initializeBean(AbstractAutowireCapableBeanFactory.java:1817)
	at org.springframework.beans.factory.support.AbstractAutowireCapableBeanFactory.doCreateBean(AbstractAutowireCapableBeanFactory.java:603)
	at org.springframework.beans.factory.support.AbstractAutowireCapableBeanFactory.createBean(AbstractAutowireCapableBeanFactory.java:525)
	at org.springframework.beans.factory.support.AbstractBeanFactory.lambda$doGetBean$0(AbstractBeanFactory.java:333)
	at org.springframework.beans.factory.support.DefaultSingletonBeanRegistry.getSingleton(DefaultSingletonBeanRegistry.java:371)
	at org.springframework.beans.factory.support.AbstractBeanFactory.doGetBean(AbstractBeanFactory.java:331)
	at org.springframework.beans.factory.support.AbstractBeanFactory.getBean(AbstractBeanFactory.java:196)
	at org.springframework.beans.factory.support.AbstractBeanFactory.doGetBean(AbstractBeanFactory.java:309)
	... 111 common frames omitted
Caused by: org.springframework.jdbc.datasource.init.ScriptStatementFailedException: Failed to execute SQL script statement #1 of file [/home/Alumno26.ORTIZ.Santiago@ipm.edu.ar/Escritorio/2026/TP3/TP3-docs-Serrano-Ortiz/OrtizSerranoTP3/build/resources/main/schema.sql]: CREATE TABLE usuarios ( id_usuario BIGINT AUTO_INCREMENT PRIMARY KEY, nombre VARCHAR(100) NOT NULL, apellido VARCHAR(100) NOT NULL, email VARCHAR(255) NOT NULL UNIQUE, password VARCHAR(255) NOT NULL, INDEX idx_email (email) )
	at org.springframework.jdbc.datasource.init.ScriptUtils.executeSqlScript(ScriptUtils.java:293)
	at org.springframework.jdbc.datasource.init.ResourceDatabasePopulator.populate(ResourceDatabasePopulator.java:254)
	at org.springframework.jdbc.datasource.init.DatabasePopulatorUtils.execute(DatabasePopulatorUtils.java:54)
	at org.springframework.boot.jdbc.init.DataSourceScriptDatabaseInitializer.runScripts(DataSourceScriptDatabaseInitializer.java:87)
	at org.springframework.boot.sql.init.AbstractScriptDatabaseInitializer.runScripts(AbstractScriptDatabaseInitializer.java:159)
	at org.springframework.boot.sql.init.AbstractScriptDatabaseInitializer.applyScripts(AbstractScriptDatabaseInitializer.java:120)
	at org.springframework.boot.sql.init.AbstractScriptDatabaseInitializer.applySchemaScripts(AbstractScriptDatabaseInitializer.java:109)
	at org.springframework.boot.sql.init.AbstractScriptDatabaseInitializer.initializeDatabase(AbstractScriptDatabaseInitializer.java:87)
	at org.springframework.boot.sql.init.AbstractScriptDatabaseInitializer.afterPropertiesSet(AbstractScriptDatabaseInitializer.java:77)
	at org.springframework.beans.factory.support.AbstractAutowireCapableBeanFactory.invokeInitMethods(AbstractAutowireCapableBeanFactory.java:1864)
	at org.springframework.beans.factory.support.AbstractAutowireCapableBeanFactory.initializeBean(AbstractAutowireCapableBeanFactory.java:1813)
	... 118 common frames omitted
Caused by: org.h2.jdbc.JdbcSQLNonTransientException: Tipo de dato desconocido : "IDX_EMAIL"
Unknown data type: "IDX_EMAIL"; SQL statement:
CREATE TABLE usuarios ( id_usuario BIGINT AUTO_INCREMENT PRIMARY KEY, nombre VARCHAR(100) NOT NULL, apellido VARCHAR(100) NOT NULL, email VARCHAR(255) NOT NULL UNIQUE, password VARCHAR(255) NOT NULL, INDEX idx_email (email) ) [50004-240]
	at org.h2.message.DbException.getJdbcSQLException(DbException.java:566)
	at org.h2.message.DbException.getJdbcSQLException(DbException.java:489)
	at org.h2.message.DbException.get(DbException.java:223)
	at org.h2.message.DbException.get(DbException.java:199)
	at org.h2.command.Parser.readIfDataType1(Parser.java:5908)
	at org.h2.command.Parser.readIfDataType(Parser.java:5739)
	at org.h2.command.Parser.parseColumnWithType(Parser.java:5721)
	at org.h2.command.Parser.parseColumnForTable(Parser.java:5600)
	at org.h2.command.Parser.parseTableColumnDefinition(Parser.java:8983)
	at org.h2.command.Parser.parseCreateTable(Parser.java:8926)
	at org.h2.command.Parser.parseCreate(Parser.java:6483)
	at org.h2.command.Parser.parsePrepared(Parser.java:648)
	at org.h2.command.Parser.parse(Parser.java:584)
	at org.h2.command.Parser.parse(Parser.java:559)
	at org.h2.command.Parser.prepareCommand(Parser.java:487)
	at org.h2.engine.SessionLocal.prepareLocal(SessionLocal.java:647)
	at org.h2.engine.SessionLocal.prepareCommand(SessionLocal.java:563)
	at org.h2.jdbc.JdbcConnection.prepareCommand(JdbcConnection.java:1160)
	at org.h2.jdbc.JdbcStatement.executeInternal(JdbcStatement.java:245)
	at org.h2.jdbc.JdbcStatement.execute(JdbcStatement.java:231)
	at com.zaxxer.hikari.pool.ProxyStatement.execute(ProxyStatement.java:95)
	at com.zaxxer.hikari.pool.HikariProxyStatement.execute(HikariProxyStatement.java)
	at org.springframework.jdbc.datasource.init.ScriptUtils.executeSqlScript(ScriptUtils.java:261)
	... 128 common frames omitted
2026-04-13 08:16:01.330 [restartedMain] INFO  c.D.O.OrtizSerranoTp3Application - Starting OrtizSerranoTp3Application using Java 21.0.10 with PID 26531 (/home/Alumno26.ORTIZ.Santiago@ipm.edu.ar/Escritorio/2026/TP3/TP3-docs-Serrano-Ortiz/OrtizSerranoTP3/build/classes/java/main started by alumno26.ortiz.santiago@ipm.edu.ar in /home/Alumno26.ORTIZ.Santiago@ipm.edu.ar/Escritorio/2026/TP3/TP3-docs-Serrano-Ortiz/OrtizSerranoTP3)
2026-04-13 08:16:01.331 [restartedMain] DEBUG c.D.O.OrtizSerranoTp3Application - Running with Spring Boot v4.0.5, Spring v7.0.6
2026-04-13 08:16:01.331 [restartedMain] INFO  c.D.O.OrtizSerranoTp3Application - No active profile set, falling back to 1 default profile: "default"
2026-04-13 08:16:01.360 [restartedMain] INFO  o.s.b.d.e.DevToolsPropertyDefaultsPostProcessor - Devtools property defaults active! Set 'spring.devtools.add-properties' to 'false' to disable
2026-04-13 08:16:01.360 [restartedMain] INFO  o.s.b.d.e.DevToolsPropertyDefaultsPostProcessor - For additional web related logging consider setting the 'logging.level.web' property to 'DEBUG'
2026-04-13 08:16:01.692 [restartedMain] INFO  o.s.d.r.c.RepositoryConfigurationDelegate - Bootstrapping Spring Data JPA repositories in DEFAULT mode.
2026-04-13 08:16:01.702 [restartedMain] DEBUG o.s.d.r.c.RepositoryConfigurationDelegate - Scanning for JPA repositories in packages com.DecanatoOrtizSerrano.OrtizSerranoTP3.
2026-04-13 08:16:01.707 [restartedMain] INFO  o.s.d.r.c.RepositoryConfigurationDelegate - Finished Spring Data repository scanning in 4 ms. Found 0 JPA repository interfaces.
2026-04-13 08:16:02.007 [restartedMain] INFO  o.s.boot.tomcat.TomcatWebServer - Tomcat initialized with port 8080 (http)
2026-04-13 08:16:02.016 [restartedMain] INFO  o.a.catalina.core.StandardService - Starting service [Tomcat]
2026-04-13 08:16:02.016 [restartedMain] INFO  o.a.catalina.core.StandardEngine - Starting Servlet engine: [Apache Tomcat/11.0.20]
2026-04-13 08:16:02.044 [restartedMain] INFO  o.s.b.w.c.s.WebApplicationContextInitializer - Root WebApplicationContext: initialization completed in 684 ms
2026-04-13 08:16:02.152 [restartedMain] INFO  org.hibernate.orm.jpa - HHH008540: Processing PersistenceUnitInfo [name: default]
2026-04-13 08:16:02.183 [restartedMain] INFO  org.hibernate.orm.core - HHH000001: Hibernate ORM core version 7.2.7.Final
2026-04-13 08:16:02.482 [restartedMain] INFO  o.s.o.j.p.SpringPersistenceUnitInfo - No LoadTimeWeaver setup: ignoring JPA class transformer
2026-04-13 08:16:02.508 [restartedMain] INFO  com.zaxxer.hikari.HikariDataSource - HikariPool-1 - Starting...
2026-04-13 08:16:02.610 [restartedMain] INFO  com.zaxxer.hikari.pool.HikariPool - HikariPool-1 - Added connection conn0: url=jdbc:h2:mem:decanato_db user=SA
2026-04-13 08:16:02.612 [restartedMain] INFO  com.zaxxer.hikari.HikariDataSource - HikariPool-1 - Start completed.
2026-04-13 08:16:02.626 [restartedMain] WARN  org.hibernate.orm.deprecation - HHH90000025: H2Dialect does not need to be specified explicitly using 'hibernate.dialect' (remove the property setting and it will be selected by default)
2026-04-13 08:16:02.640 [restartedMain] INFO  o.hibernate.orm.connections.pooling - HHH10001005: Database info:
	Database JDBC URL [jdbc:h2:mem:decanato_db]
	Database driver: H2 JDBC Driver
	Database dialect: H2Dialect
	Database version: 2.4.240
	Default catalog/schema: DECANATO_DB/PUBLIC
	Autocommit mode: undefined/unknown
	Isolation level: READ_COMMITTED [default READ_COMMITTED]
	JDBC fetch size: 100
	Pool: DataSourceConnectionProvider
	Minimum pool size: undefined/unknown
	Maximum pool size: undefined/unknown
2026-04-13 08:16:03.318 [restartedMain] INFO  org.hibernate.orm.core - HHH000489: No JTA platform available (set 'hibernate.transaction.jta.platform' to enable JTA platform integration)
2026-04-13 08:16:03.376 [restartedMain] INFO  o.s.o.j.LocalContainerEntityManagerFactoryBean - Initialized JPA EntityManagerFactory for persistence unit 'default'
2026-04-13 08:16:03.416 [restartedMain] WARN  o.s.b.j.a.JpaBaseConfiguration$JpaWebConfiguration - spring.jpa.open-in-view is enabled by default. Therefore, database queries may be performed during view rendering. Explicitly configure spring.jpa.open-in-view to disable this warning
2026-04-13 08:16:03.506 [restartedMain] DEBUG o.s.w.s.m.m.a.RequestMappingHandlerMapping - 2 mappings in 'requestMappingHandlerMapping'
2026-04-13 08:16:03.524 [restartedMain] DEBUG o.s.w.s.h.SimpleUrlHandlerMapping - Patterns [/webjars/**, /**] in 'resourceHandlerMapping'
2026-04-13 08:16:03.538 [restartedMain] DEBUG o.s.w.s.m.m.a.RequestMappingHandlerAdapter - ControllerAdvice beans: 0 @ModelAttribute, 0 @InitBinder, 2 RequestBodyAdvice, 1 ResponseBodyAdvice
2026-04-13 08:16:03.563 [restartedMain] DEBUG o.s.w.s.m.m.a.ExceptionHandlerExceptionResolver - ControllerAdvice beans: 0 @ExceptionHandler, 1 ResponseBodyAdvice
2026-04-13 08:16:03.628 [restartedMain] INFO  o.s.boot.tomcat.TomcatWebServer - Tomcat started on port 8080 (http) with context path '/'
2026-04-13 08:16:03.632 [restartedMain] INFO  c.D.O.OrtizSerranoTp3Application - Started OrtizSerranoTp3Application in 2.62 seconds (process running for 2.907)
2026-04-13 08:20:07.212 [http-nio-8080-exec-4] INFO  o.a.c.c.C.[Tomcat].[localhost].[/] - Initializing Spring DispatcherServlet 'dispatcherServlet'
2026-04-13 08:20:07.213 [http-nio-8080-exec-4] INFO  o.s.web.servlet.DispatcherServlet - Initializing Servlet 'dispatcherServlet'
2026-04-13 08:20:07.213 [http-nio-8080-exec-4] DEBUG o.s.web.servlet.DispatcherServlet - Detected StandardServletMultipartResolver
2026-04-13 08:20:07.214 [http-nio-8080-exec-4] DEBUG o.s.web.servlet.DispatcherServlet - Detected AcceptHeaderLocaleResolver
2026-04-13 08:20:07.215 [http-nio-8080-exec-4] DEBUG o.s.web.servlet.DispatcherServlet - Detected org.springframework.web.servlet.view.DefaultRequestToViewNameTranslator@271e7ca4
2026-04-13 08:20:07.216 [http-nio-8080-exec-4] DEBUG o.s.web.servlet.DispatcherServlet - Detected org.springframework.web.servlet.support.SessionFlashMapManager@1cb7d10e
2026-04-13 08:20:07.216 [http-nio-8080-exec-4] DEBUG o.s.web.servlet.DispatcherServlet - enableLoggingRequestDetails='false': request parameters and headers will be masked to prevent unsafe logging of potentially sensitive data
2026-04-13 08:20:07.216 [http-nio-8080-exec-4] INFO  o.s.web.servlet.DispatcherServlet - Completed initialization in 3 ms
2026-04-13 08:20:07.224 [http-nio-8080-exec-4] DEBUG o.s.web.servlet.DispatcherServlet - GET "/", parameters={}
2026-04-13 08:20:07.229 [http-nio-8080-exec-4] DEBUG o.s.w.s.h.SimpleUrlHandlerMapping - Mapped to ResourceHttpRequestHandler [classpath [META-INF/resources/], classpath [resources/], classpath [static/], classpath [public/], ServletContext [/]]
2026-04-13 08:20:07.234 [http-nio-8080-exec-4] DEBUG c.D.O.c.DebuggerConfig$HttpDebuggerInterceptor - ════════════════════════════════════════════════════════════
2026-04-13 08:20:07.234 [http-nio-8080-exec-4] DEBUG c.D.O.c.DebuggerConfig$HttpDebuggerInterceptor - 🔵 NUEVA PETICIÓN HTTP
2026-04-13 08:20:07.234 [http-nio-8080-exec-4] DEBUG c.D.O.c.DebuggerConfig$HttpDebuggerInterceptor - Método: GET
2026-04-13 08:20:07.234 [http-nio-8080-exec-4] DEBUG c.D.O.c.DebuggerConfig$HttpDebuggerInterceptor - URI: /
2026-04-13 08:20:07.235 [http-nio-8080-exec-4] DEBUG c.D.O.c.DebuggerConfig$HttpDebuggerInterceptor - Query String: null
2026-04-13 08:20:07.235 [http-nio-8080-exec-4] DEBUG c.D.O.c.DebuggerConfig$HttpDebuggerInterceptor - Remote Address: 0:0:0:0:0:0:0:1
2026-04-13 08:20:07.235 [http-nio-8080-exec-4] DEBUG c.D.O.c.DebuggerConfig$HttpDebuggerInterceptor - Session ID: Sin sesión
2026-04-13 08:20:07.235 [http-nio-8080-exec-4] DEBUG c.D.O.c.DebuggerConfig$HttpDebuggerInterceptor - --- Headers ---
2026-04-13 08:20:07.235 [http-nio-8080-exec-4] DEBUG c.D.O.c.DebuggerConfig$HttpDebuggerInterceptor - Host: localhost:8080
2026-04-13 08:20:07.236 [http-nio-8080-exec-4] DEBUG c.D.O.c.DebuggerConfig$HttpDebuggerInterceptor - Connection: keep-alive
2026-04-13 08:20:07.236 [http-nio-8080-exec-4] DEBUG c.D.O.c.DebuggerConfig$HttpDebuggerInterceptor - sec-ch-ua: "Not-A.Brand";v="24", "Chromium";v="146"
2026-04-13 08:20:07.236 [http-nio-8080-exec-4] DEBUG c.D.O.c.DebuggerConfig$HttpDebuggerInterceptor - sec-ch-ua-mobile: ?0
2026-04-13 08:20:07.236 [http-nio-8080-exec-4] DEBUG c.D.O.c.DebuggerConfig$HttpDebuggerInterceptor - sec-ch-ua-platform: "Linux"
2026-04-13 08:20:07.236 [http-nio-8080-exec-4] DEBUG c.D.O.c.DebuggerConfig$HttpDebuggerInterceptor - Upgrade-Insecure-Requests: 1
2026-04-13 08:20:07.236 [http-nio-8080-exec-4] DEBUG c.D.O.c.DebuggerConfig$HttpDebuggerInterceptor - User-Agent: Mozilla/5.0 (X11; Linux x86_64) AppleWebKit/537.36 (KHTML, like Gecko) Chrome/146.0.0.0 Safari/537.36
2026-04-13 08:20:07.236 [http-nio-8080-exec-4] DEBUG c.D.O.c.DebuggerConfig$HttpDebuggerInterceptor - Accept: text/html,application/xhtml+xml,application/xml;q=0.9,image/avif,image/webp,image/apng,*/*;q=0.8,application/signed-exchange;v=b3;q=0.7
2026-04-13 08:20:07.236 [http-nio-8080-exec-4] DEBUG c.D.O.c.DebuggerConfig$HttpDebuggerInterceptor - Sec-Fetch-Site: none
2026-04-13 08:20:07.236 [http-nio-8080-exec-4] DEBUG c.D.O.c.DebuggerConfig$HttpDebuggerInterceptor - Sec-Fetch-Mode: navigate
2026-04-13 08:20:07.236 [http-nio-8080-exec-4] DEBUG c.D.O.c.DebuggerConfig$HttpDebuggerInterceptor - Sec-Fetch-User: ?1
2026-04-13 08:20:07.236 [http-nio-8080-exec-4] DEBUG c.D.O.c.DebuggerConfig$HttpDebuggerInterceptor - Sec-Fetch-Dest: document
2026-04-13 08:20:07.236 [http-nio-8080-exec-4] DEBUG c.D.O.c.DebuggerConfig$HttpDebuggerInterceptor - Accept-Encoding: gzip, deflate, br, zstd
2026-04-13 08:20:07.236 [http-nio-8080-exec-4] DEBUG c.D.O.c.DebuggerConfig$HttpDebuggerInterceptor - Accept-Language: es-ES,es;q=0.9
2026-04-13 08:20:07.237 [http-nio-8080-exec-4] DEBUG c.D.O.c.DebuggerConfig$HttpDebuggerInterceptor - Handler: ResourceHttpRequestHandler [classpath [META-INF/resources/], classpath [resources/], classpath [static/], classpath [public/], ServletContext [/]]
2026-04-13 08:20:07.237 [http-nio-8080-exec-4] DEBUG c.D.O.c.DebuggerConfig$HttpDebuggerInterceptor - ════════════════════════════════════════════════════════════
2026-04-13 08:20:07.280 [http-nio-8080-exec-4] DEBUG o.s.w.s.r.ResourceHttpRequestHandler - Resource not found
2026-04-13 08:20:07.288 [http-nio-8080-exec-4] DEBUG o.s.w.s.m.s.DefaultHandlerExceptionResolver - Resolved [org.springframework.web.servlet.resource.NoResourceFoundException: No static resource  for request '/'.]
2026-04-13 08:20:07.294 [http-nio-8080-exec-4] DEBUG c.D.O.c.DebuggerConfig$HttpDebuggerInterceptor - ────────────────────────────────────────────────────────────
2026-04-13 08:20:07.294 [http-nio-8080-exec-4] DEBUG c.D.O.c.DebuggerConfig$HttpDebuggerInterceptor - 🟢 RESPUESTA HTTP
2026-04-13 08:20:07.294 [http-nio-8080-exec-4] DEBUG c.D.O.c.DebuggerConfig$HttpDebuggerInterceptor - Status: 404
2026-04-13 08:20:07.294 [http-nio-8080-exec-4] DEBUG c.D.O.c.DebuggerConfig$HttpDebuggerInterceptor - Content Type: null
2026-04-13 08:20:07.294 [http-nio-8080-exec-4] DEBUG c.D.O.c.DebuggerConfig$HttpDebuggerInterceptor - ────────────────────────────────────────────────────────────
2026-04-13 08:20:07.295 [http-nio-8080-exec-4] DEBUG o.s.web.servlet.DispatcherServlet - Completed 404 NOT_FOUND
2026-04-13 08:20:07.305 [http-nio-8080-exec-4] DEBUG o.s.web.servlet.DispatcherServlet - "ERROR" dispatch for GET "/error", parameters={}
2026-04-13 08:20:07.314 [http-nio-8080-exec-4] DEBUG o.s.w.s.m.m.a.RequestMappingHandlerMapping - Mapped to org.springframework.boot.webmvc.autoconfigure.error.BasicErrorController#errorHtml(HttpServletRequest, HttpServletResponse)
2026-04-13 08:20:07.316 [http-nio-8080-exec-4] DEBUG c.D.O.c.DebuggerConfig$HttpDebuggerInterceptor - ════════════════════════════════════════════════════════════
2026-04-13 08:20:07.316 [http-nio-8080-exec-4] DEBUG c.D.O.c.DebuggerConfig$HttpDebuggerInterceptor - 🔵 NUEVA PETICIÓN HTTP
2026-04-13 08:20:07.316 [http-nio-8080-exec-4] DEBUG c.D.O.c.DebuggerConfig$HttpDebuggerInterceptor - Método: GET
2026-04-13 08:20:07.316 [http-nio-8080-exec-4] DEBUG c.D.O.c.DebuggerConfig$HttpDebuggerInterceptor - URI: /error
2026-04-13 08:20:07.317 [http-nio-8080-exec-4] DEBUG c.D.O.c.DebuggerConfig$HttpDebuggerInterceptor - Query String: null
2026-04-13 08:20:07.317 [http-nio-8080-exec-4] DEBUG c.D.O.c.DebuggerConfig$HttpDebuggerInterceptor - Remote Address: 0:0:0:0:0:0:0:1
2026-04-13 08:20:07.317 [http-nio-8080-exec-4] DEBUG c.D.O.c.DebuggerConfig$HttpDebuggerInterceptor - Session ID: Sin sesión
2026-04-13 08:20:07.317 [http-nio-8080-exec-4] DEBUG c.D.O.c.DebuggerConfig$HttpDebuggerInterceptor - --- Headers ---
2026-04-13 08:20:07.317 [http-nio-8080-exec-4] DEBUG c.D.O.c.DebuggerConfig$HttpDebuggerInterceptor - Host: localhost:8080
2026-04-13 08:20:07.317 [http-nio-8080-exec-4] DEBUG c.D.O.c.DebuggerConfig$HttpDebuggerInterceptor - Connection: keep-alive
2026-04-13 08:20:07.317 [http-nio-8080-exec-4] DEBUG c.D.O.c.DebuggerConfig$HttpDebuggerInterceptor - sec-ch-ua: "Not-A.Brand";v="24", "Chromium";v="146"
2026-04-13 08:20:07.317 [http-nio-8080-exec-4] DEBUG c.D.O.c.DebuggerConfig$HttpDebuggerInterceptor - sec-ch-ua-mobile: ?0
2026-04-13 08:20:07.317 [http-nio-8080-exec-4] DEBUG c.D.O.c.DebuggerConfig$HttpDebuggerInterceptor - sec-ch-ua-platform: "Linux"
2026-04-13 08:20:07.317 [http-nio-8080-exec-4] DEBUG c.D.O.c.DebuggerConfig$HttpDebuggerInterceptor - Upgrade-Insecure-Requests: 1
2026-04-13 08:20:07.317 [http-nio-8080-exec-4] DEBUG c.D.O.c.DebuggerConfig$HttpDebuggerInterceptor - User-Agent: Mozilla/5.0 (X11; Linux x86_64) AppleWebKit/537.36 (KHTML, like Gecko) Chrome/146.0.0.0 Safari/537.36
2026-04-13 08:20:07.317 [http-nio-8080-exec-4] DEBUG c.D.O.c.DebuggerConfig$HttpDebuggerInterceptor - Accept: text/html,application/xhtml+xml,application/xml;q=0.9,image/avif,image/webp,image/apng,*/*;q=0.8,application/signed-exchange;v=b3;q=0.7
2026-04-13 08:20:07.317 [http-nio-8080-exec-4] DEBUG c.D.O.c.DebuggerConfig$HttpDebuggerInterceptor - Sec-Fetch-Site: none
2026-04-13 08:20:07.317 [http-nio-8080-exec-4] DEBUG c.D.O.c.DebuggerConfig$HttpDebuggerInterceptor - Sec-Fetch-Mode: navigate
2026-04-13 08:20:07.317 [http-nio-8080-exec-4] DEBUG c.D.O.c.DebuggerConfig$HttpDebuggerInterceptor - Sec-Fetch-User: ?1
2026-04-13 08:20:07.317 [http-nio-8080-exec-4] DEBUG c.D.O.c.DebuggerConfig$HttpDebuggerInterceptor - Sec-Fetch-Dest: document
2026-04-13 08:20:07.317 [http-nio-8080-exec-4] DEBUG c.D.O.c.DebuggerConfig$HttpDebuggerInterceptor - Accept-Encoding: gzip, deflate, br, zstd
2026-04-13 08:20:07.317 [http-nio-8080-exec-4] DEBUG c.D.O.c.DebuggerConfig$HttpDebuggerInterceptor - Accept-Language: es-ES,es;q=0.9
2026-04-13 08:20:07.317 [http-nio-8080-exec-4] DEBUG c.D.O.c.DebuggerConfig$HttpDebuggerInterceptor - Handler: org.springframework.boot.webmvc.autoconfigure.error.BasicErrorController#errorHtml(HttpServletRequest, HttpServletResponse)
2026-04-13 08:20:07.317 [http-nio-8080-exec-4] DEBUG c.D.O.c.DebuggerConfig$HttpDebuggerInterceptor - ════════════════════════════════════════════════════════════
2026-04-13 08:20:07.345 [http-nio-8080-exec-4] DEBUG o.s.w.s.v.ContentNegotiatingViewResolver - Selected 'text/html' given [text/html, text/html;q=0.8]
2026-04-13 08:20:07.349 [http-nio-8080-exec-4] DEBUG c.D.O.c.DebuggerConfig$HttpDebuggerInterceptor - ────────────────────────────────────────────────────────────
2026-04-13 08:20:07.350 [http-nio-8080-exec-4] DEBUG c.D.O.c.DebuggerConfig$HttpDebuggerInterceptor - 🟢 RESPUESTA HTTP
2026-04-13 08:20:07.350 [http-nio-8080-exec-4] DEBUG c.D.O.c.DebuggerConfig$HttpDebuggerInterceptor - Status: 404
2026-04-13 08:20:07.350 [http-nio-8080-exec-4] DEBUG c.D.O.c.DebuggerConfig$HttpDebuggerInterceptor - Content Type: text/html;charset=UTF-8
2026-04-13 08:20:07.350 [http-nio-8080-exec-4] DEBUG c.D.O.c.DebuggerConfig$HttpDebuggerInterceptor - ────────────────────────────────────────────────────────────
2026-04-13 08:20:07.350 [http-nio-8080-exec-4] DEBUG o.s.web.servlet.DispatcherServlet - Exiting from "ERROR" dispatch, status 404
2026-04-13 08:20:07.460 [http-nio-8080-exec-5] DEBUG o.s.web.servlet.DispatcherServlet - GET "/favicon.ico", parameters={}
2026-04-13 08:20:07.462 [http-nio-8080-exec-5] DEBUG o.s.w.s.h.SimpleUrlHandlerMapping - Mapped to ResourceHttpRequestHandler [classpath [META-INF/resources/], classpath [resources/], classpath [static/], classpath [public/], ServletContext [/]]
2026-04-13 08:20:07.462 [http-nio-8080-exec-5] DEBUG c.D.O.c.DebuggerConfig$HttpDebuggerInterceptor - ════════════════════════════════════════════════════════════
2026-04-13 08:20:07.462 [http-nio-8080-exec-5] DEBUG c.D.O.c.DebuggerConfig$HttpDebuggerInterceptor - 🔵 NUEVA PETICIÓN HTTP
2026-04-13 08:20:07.462 [http-nio-8080-exec-5] DEBUG c.D.O.c.DebuggerConfig$HttpDebuggerInterceptor - Método: GET
2026-04-13 08:20:07.462 [http-nio-8080-exec-5] DEBUG c.D.O.c.DebuggerConfig$HttpDebuggerInterceptor - URI: /favicon.ico
2026-04-13 08:20:07.462 [http-nio-8080-exec-5] DEBUG c.D.O.c.DebuggerConfig$HttpDebuggerInterceptor - Query String: null
2026-04-13 08:20:07.462 [http-nio-8080-exec-5] DEBUG c.D.O.c.DebuggerConfig$HttpDebuggerInterceptor - Remote Address: 0:0:0:0:0:0:0:1
2026-04-13 08:20:07.463 [http-nio-8080-exec-5] DEBUG c.D.O.c.DebuggerConfig$HttpDebuggerInterceptor - Session ID: Sin sesión
2026-04-13 08:20:07.463 [http-nio-8080-exec-5] DEBUG c.D.O.c.DebuggerConfig$HttpDebuggerInterceptor - --- Headers ---
2026-04-13 08:20:07.463 [http-nio-8080-exec-5] DEBUG c.D.O.c.DebuggerConfig$HttpDebuggerInterceptor - Host: localhost:8080
2026-04-13 08:20:07.463 [http-nio-8080-exec-5] DEBUG c.D.O.c.DebuggerConfig$HttpDebuggerInterceptor - Connection: keep-alive
2026-04-13 08:20:07.463 [http-nio-8080-exec-5] DEBUG c.D.O.c.DebuggerConfig$HttpDebuggerInterceptor - sec-ch-ua-platform: "Linux"
2026-04-13 08:20:07.463 [http-nio-8080-exec-5] DEBUG c.D.O.c.DebuggerConfig$HttpDebuggerInterceptor - User-Agent: Mozilla/5.0 (X11; Linux x86_64) AppleWebKit/537.36 (KHTML, like Gecko) Chrome/146.0.0.0 Safari/537.36
2026-04-13 08:20:07.463 [http-nio-8080-exec-5] DEBUG c.D.O.c.DebuggerConfig$HttpDebuggerInterceptor - sec-ch-ua: "Not-A.Brand";v="24", "Chromium";v="146"
2026-04-13 08:20:07.463 [http-nio-8080-exec-5] DEBUG c.D.O.c.DebuggerConfig$HttpDebuggerInterceptor - sec-ch-ua-mobile: ?0
2026-04-13 08:20:07.463 [http-nio-8080-exec-5] DEBUG c.D.O.c.DebuggerConfig$HttpDebuggerInterceptor - Accept: image/avif,image/webp,image/apng,image/svg+xml,image/*,*/*;q=0.8
2026-04-13 08:20:07.463 [http-nio-8080-exec-5] DEBUG c.D.O.c.DebuggerConfig$HttpDebuggerInterceptor - Sec-Fetch-Site: same-origin
2026-04-13 08:20:07.463 [http-nio-8080-exec-5] DEBUG c.D.O.c.DebuggerConfig$HttpDebuggerInterceptor - Sec-Fetch-Mode: no-cors
2026-04-13 08:20:07.463 [http-nio-8080-exec-5] DEBUG c.D.O.c.DebuggerConfig$HttpDebuggerInterceptor - Sec-Fetch-Dest: image
2026-04-13 08:20:07.463 [http-nio-8080-exec-5] DEBUG c.D.O.c.DebuggerConfig$HttpDebuggerInterceptor - Referer: http://localhost:8080/
2026-04-13 08:20:07.463 [http-nio-8080-exec-5] DEBUG c.D.O.c.DebuggerConfig$HttpDebuggerInterceptor - Accept-Encoding: gzip, deflate, br, zstd
2026-04-13 08:20:07.463 [http-nio-8080-exec-5] DEBUG c.D.O.c.DebuggerConfig$HttpDebuggerInterceptor - Accept-Language: es-ES,es;q=0.9
2026-04-13 08:20:07.463 [http-nio-8080-exec-5] DEBUG c.D.O.c.DebuggerConfig$HttpDebuggerInterceptor - Handler: ResourceHttpRequestHandler [classpath [META-INF/resources/], classpath [resources/], classpath [static/], classpath [public/], ServletContext [/]]
2026-04-13 08:20:07.463 [http-nio-8080-exec-5] DEBUG c.D.O.c.DebuggerConfig$HttpDebuggerInterceptor - ════════════════════════════════════════════════════════════
2026-04-13 08:20:07.465 [http-nio-8080-exec-5] DEBUG o.s.w.s.r.ResourceHttpRequestHandler - Resource not found
2026-04-13 08:20:07.465 [http-nio-8080-exec-5] DEBUG o.s.w.s.m.s.DefaultHandlerExceptionResolver - Resolved [org.springframework.web.servlet.resource.NoResourceFoundException: No static resource favicon.ico for request '/favicon.ico'.]
2026-04-13 08:20:07.466 [http-nio-8080-exec-5] DEBUG c.D.O.c.DebuggerConfig$HttpDebuggerInterceptor - ────────────────────────────────────────────────────────────
2026-04-13 08:20:07.466 [http-nio-8080-exec-5] DEBUG c.D.O.c.DebuggerConfig$HttpDebuggerInterceptor - 🟢 RESPUESTA HTTP
2026-04-13 08:20:07.466 [http-nio-8080-exec-5] DEBUG c.D.O.c.DebuggerConfig$HttpDebuggerInterceptor - Status: 404
2026-04-13 08:20:07.466 [http-nio-8080-exec-5] DEBUG c.D.O.c.DebuggerConfig$HttpDebuggerInterceptor - Content Type: null
2026-04-13 08:20:07.466 [http-nio-8080-exec-5] DEBUG c.D.O.c.DebuggerConfig$HttpDebuggerInterceptor - ────────────────────────────────────────────────────────────
2026-04-13 08:20:07.466 [http-nio-8080-exec-5] DEBUG o.s.web.servlet.DispatcherServlet - Completed 404 NOT_FOUND
2026-04-13 08:20:07.466 [http-nio-8080-exec-5] DEBUG o.s.web.servlet.DispatcherServlet - "ERROR" dispatch for GET "/error", parameters={}
2026-04-13 08:20:07.467 [http-nio-8080-exec-5] DEBUG o.s.w.s.m.m.a.RequestMappingHandlerMapping - Mapped to org.springframework.boot.webmvc.autoconfigure.error.BasicErrorController#error(HttpServletRequest)
2026-04-13 08:20:07.467 [http-nio-8080-exec-5] DEBUG c.D.O.c.DebuggerConfig$HttpDebuggerInterceptor - ════════════════════════════════════════════════════════════
2026-04-13 08:20:07.467 [http-nio-8080-exec-5] DEBUG c.D.O.c.DebuggerConfig$HttpDebuggerInterceptor - 🔵 NUEVA PETICIÓN HTTP
2026-04-13 08:20:07.467 [http-nio-8080-exec-5] DEBUG c.D.O.c.DebuggerConfig$HttpDebuggerInterceptor - Método: GET
2026-04-13 08:20:07.467 [http-nio-8080-exec-5] DEBUG c.D.O.c.DebuggerConfig$HttpDebuggerInterceptor - URI: /error
2026-04-13 08:20:07.468 [http-nio-8080-exec-5] DEBUG c.D.O.c.DebuggerConfig$HttpDebuggerInterceptor - Query String: null
2026-04-13 08:20:07.468 [http-nio-8080-exec-5] DEBUG c.D.O.c.DebuggerConfig$HttpDebuggerInterceptor - Remote Address: 0:0:0:0:0:0:0:1
2026-04-13 08:20:07.468 [http-nio-8080-exec-5] DEBUG c.D.O.c.DebuggerConfig$HttpDebuggerInterceptor - Session ID: Sin sesión
2026-04-13 08:20:07.468 [http-nio-8080-exec-5] DEBUG c.D.O.c.DebuggerConfig$HttpDebuggerInterceptor - --- Headers ---
2026-04-13 08:20:07.468 [http-nio-8080-exec-5] DEBUG c.D.O.c.DebuggerConfig$HttpDebuggerInterceptor - Host: localhost:8080
2026-04-13 08:20:07.468 [http-nio-8080-exec-5] DEBUG c.D.O.c.DebuggerConfig$HttpDebuggerInterceptor - Connection: keep-alive
2026-04-13 08:20:07.468 [http-nio-8080-exec-5] DEBUG c.D.O.c.DebuggerConfig$HttpDebuggerInterceptor - sec-ch-ua-platform: "Linux"
2026-04-13 08:20:07.468 [http-nio-8080-exec-5] DEBUG c.D.O.c.DebuggerConfig$HttpDebuggerInterceptor - User-Agent: Mozilla/5.0 (X11; Linux x86_64) AppleWebKit/537.36 (KHTML, like Gecko) Chrome/146.0.0.0 Safari/537.36
2026-04-13 08:20:07.468 [http-nio-8080-exec-5] DEBUG c.D.O.c.DebuggerConfig$HttpDebuggerInterceptor - sec-ch-ua: "Not-A.Brand";v="24", "Chromium";v="146"
2026-04-13 08:20:07.468 [http-nio-8080-exec-5] DEBUG c.D.O.c.DebuggerConfig$HttpDebuggerInterceptor - sec-ch-ua-mobile: ?0
2026-04-13 08:20:07.468 [http-nio-8080-exec-5] DEBUG c.D.O.c.DebuggerConfig$HttpDebuggerInterceptor - Accept: image/avif,image/webp,image/apng,image/svg+xml,image/*,*/*;q=0.8
2026-04-13 08:20:07.468 [http-nio-8080-exec-5] DEBUG c.D.O.c.DebuggerConfig$HttpDebuggerInterceptor - Sec-Fetch-Site: same-origin
2026-04-13 08:20:07.468 [http-nio-8080-exec-5] DEBUG c.D.O.c.DebuggerConfig$HttpDebuggerInterceptor - Sec-Fetch-Mode: no-cors
2026-04-13 08:20:07.468 [http-nio-8080-exec-5] DEBUG c.D.O.c.DebuggerConfig$HttpDebuggerInterceptor - Sec-Fetch-Dest: image
2026-04-13 08:20:07.468 [http-nio-8080-exec-5] DEBUG c.D.O.c.DebuggerConfig$HttpDebuggerInterceptor - Referer: http://localhost:8080/
2026-04-13 08:20:07.468 [http-nio-8080-exec-5] DEBUG c.D.O.c.DebuggerConfig$HttpDebuggerInterceptor - Accept-Encoding: gzip, deflate, br, zstd
2026-04-13 08:20:07.468 [http-nio-8080-exec-5] DEBUG c.D.O.c.DebuggerConfig$HttpDebuggerInterceptor - Accept-Language: es-ES,es;q=0.9
2026-04-13 08:20:07.468 [http-nio-8080-exec-5] DEBUG c.D.O.c.DebuggerConfig$HttpDebuggerInterceptor - Handler: org.springframework.boot.webmvc.autoconfigure.error.BasicErrorController#error(HttpServletRequest)
2026-04-13 08:20:07.468 [http-nio-8080-exec-5] DEBUG c.D.O.c.DebuggerConfig$HttpDebuggerInterceptor - ════════════════════════════════════════════════════════════
2026-04-13 08:20:07.473 [http-nio-8080-exec-5] DEBUG o.s.w.s.m.m.a.HttpEntityMethodProcessor - Using 'application/json;q=0.8', given [image/avif, image/webp, image/apng, image/svg+xml, image/*, */*;q=0.8] and supported [application/json, application/*+json]
2026-04-13 08:20:07.474 [http-nio-8080-exec-5] DEBUG o.s.w.s.m.m.a.HttpEntityMethodProcessor - Writing [{timestamp=Mon Apr 13 08:20:07 ART 2026, status=404, error=Not Found, trace=org.springframework.web. (truncated)...]
2026-04-13 08:20:07.498 [http-nio-8080-exec-5] DEBUG c.D.O.c.DebuggerConfig$HttpDebuggerInterceptor - ────────────────────────────────────────────────────────────
2026-04-13 08:20:07.498 [http-nio-8080-exec-5] DEBUG c.D.O.c.DebuggerConfig$HttpDebuggerInterceptor - 🟢 RESPUESTA HTTP
2026-04-13 08:20:07.498 [http-nio-8080-exec-5] DEBUG c.D.O.c.DebuggerConfig$HttpDebuggerInterceptor - Status: 404
2026-04-13 08:20:07.498 [http-nio-8080-exec-5] DEBUG c.D.O.c.DebuggerConfig$HttpDebuggerInterceptor - Content Type: application/json
2026-04-13 08:20:07.498 [http-nio-8080-exec-5] DEBUG c.D.O.c.DebuggerConfig$HttpDebuggerInterceptor - ────────────────────────────────────────────────────────────
2026-04-13 08:20:07.499 [http-nio-8080-exec-5] DEBUG o.s.web.servlet.DispatcherServlet - Exiting from "ERROR" dispatch, status 404
2026-04-13 08:27:30.638 [SpringApplicationShutdownHook] INFO  o.s.boot.tomcat.GracefulShutdown - Commencing graceful shutdown. Waiting for active requests to complete
2026-04-13 08:27:30.642 [tomcat-shutdown] INFO  o.s.boot.tomcat.GracefulShutdown - Graceful shutdown complete
2026-04-13 08:27:30.646 [SpringApplicationShutdownHook] INFO  o.s.o.j.LocalContainerEntityManagerFactoryBean - Closing JPA EntityManagerFactory for persistence unit 'default'
2026-04-13 08:27:30.655 [SpringApplicationShutdownHook] WARN  o.s.b.f.s.DisposableBeanAdapter - Invocation of destroy method failed on bean with name 'inMemoryDatabaseShutdownExecutor': org.h2.jdbc.JdbcSQLNonTransientConnectionException: La base de datos ya esta cerrada (para des-habilitar el cerrado automatico durante el shutdown de la VM, agregue ";DB_CLOSE_ON_EXIT=FALSE" a la URL de conexión)
Database is already closed (to disable automatic closing at VM shutdown, add ";DB_CLOSE_ON_EXIT=FALSE" to the db URL) [90121-240]
2026-04-13 08:27:30.656 [SpringApplicationShutdownHook] INFO  com.zaxxer.hikari.HikariDataSource - HikariPool-1 - Shutdown initiated...
2026-04-13 08:27:30.657 [SpringApplicationShutdownHook] INFO  com.zaxxer.hikari.HikariDataSource - HikariPool-1 - Shutdown completed.
