2026-04-20 09:59:09.790 - 
    create global temporary table HT_usuarios(id_usuario bigint not null, primary key (id_usuario)) transactional
2026-04-20 09:59:09.798 - 
    create global temporary table HTE_usuarios(activo boolean, HTE_IDENTITY bigint generated 
by
    default as identity, idUsuario bigint, apellido varchar(100), nombre varchar(100), email varchar(255), password varchar(255), primary key (HTE_IDENTITY)) transactional
2026-04-20 09:59:09.801 - 
    create global temporary table HTE_administradores(activo boolean, nivelAcceso integer, HTE_IDENTITY bigint generated 
by
    default as identity, idUsuario bigint, rol varchar(50), apellido varchar(100), area varchar(100), nombre varchar(100), email varchar(255), password varchar(255), primary key (HTE_IDENTITY)) transactional
2026-04-20 09:59:09.805 - 
    create global temporary table HTE_estudiantes(activo boolean, anioIngreso integer, HTE_IDENTITY bigint generated 
by
    default as identity, idUsuario bigint, legajo varchar(20), apellido varchar(100), carrera varchar(100), nombre varchar(100), email varchar(255), password varchar(255), primary key (HTE_IDENTITY)) transactional
2026-04-20 09:59:09.806 - 
    create global temporary table HTE_docentes(activo boolean, HTE_IDENTITY bigint generated 
by
    default as identity, idUsuario bigint, apellido varchar(100), departamento varchar(100), especialidad varchar(100), nombre varchar(100), titulo varchar(200), email varchar(255), password varchar(255), primary key (HTE_IDENTITY)) transactional
2026-04-20 09:59:09.922 - 
    drop table if exists administradores cascade 
2026-04-20 09:59:09.923 - 
    drop table if exists docentes cascade 
2026-04-20 09:59:09.923 - 
    drop table if exists estudiantes cascade 
2026-04-20 09:59:09.923 - 
    drop table if exists inscripciones cascade 
2026-04-20 09:59:09.923 - 
    drop table if exists materias cascade 
2026-04-20 09:59:09.923 - 
    drop table if exists usuarios cascade 
2026-04-20 09:59:09.926 - 
    create table administradores (
        nivel_acceso integer,
        id_usuario bigint not null,
        rol varchar(50) not null,
        area varchar(100),
        primary key (id_usuario)
    )
2026-04-20 09:59:09.927 - 
    create table docentes (
        id_usuario bigint not null,
        departamento varchar(100),
        especialidad varchar(100),
        titulo varchar(200),
        primary key (id_usuario)
    )
2026-04-20 09:59:09.928 - 
    create table estudiantes (
        anio_ingreso integer,
        id_usuario bigint not null,
        legajo varchar(20) not null unique,
        carrera varchar(100) not null,
        primary key (id_usuario)
    )
2026-04-20 09:59:09.930 - 
    create table inscripciones (
        asistencias integer,
        fecha_inscripcion date not null,
        nota_final float(53),
        nota_parcial1 float(53),
        nota_parcial2 float(53),
        id_estudiante bigint not null,
        id_inscripcion bigint generated by default as identity,
        id_materia bigint not null,
        estado varchar(20) not null,
        primary key (id_inscripcion)
    )
2026-04-20 09:59:09.931 - 
    create table materias (
        anio integer,
        creditos integer,
        cuatrimestre integer,
        id_docente bigint,
        id_materia bigint generated by default as identity,
        codigo varchar(20) not null unique,
        nombre varchar(200) not null,
        descripcion TEXT,
        primary key (id_materia)
    )
2026-04-20 09:59:09.932 - 
    create table usuarios (
        activo boolean not null,
        id_usuario bigint generated by default as identity,
        apellido varchar(100) not null,
        nombre varchar(100) not null,
        email varchar(255) not null unique,
        password varchar(255) not null,
        primary key (id_usuario)
    )
2026-04-20 09:59:09.934 - 
    alter table if exists administradores 
       add constraint FK28dj1ai3f8gnqhjuns8dnamrp 
       foreign key (id_usuario) 
       references usuarios
2026-04-20 09:59:09.942 - 
    alter table if exists docentes 
       add constraint FK489bautdwr1vo00f1nm0ipysi 
       foreign key (id_usuario) 
       references usuarios
2026-04-20 09:59:09.942 - 
    alter table if exists estudiantes 
       add constraint FKaiehyv3poghvcl0erh0vrw76q 
       foreign key (id_usuario) 
       references usuarios
2026-04-20 09:59:09.943 - 
    alter table if exists inscripciones 
       add constraint FKek59i6fh86qxytodhvtvsfkv9 
       foreign key (id_estudiante) 
       references estudiantes
2026-04-20 09:59:09.944 - 
    alter table if exists inscripciones 
       add constraint FKmkchqo2wdwfkno7pdtrmuw5xp 
       foreign key (id_materia) 
       references materias
2026-04-20 09:59:09.946 - 
    alter table if exists materias 
       add constraint FK89tuqig6ixo7nsy0cukn3yvyd 
       foreign key (id_docente) 
       references docentes
2026-04-20 10:01:57.238 - 
    select
        u1_0.id_usuario 
    from
        usuarios u1_0 
    where
        u1_0.email=? 
    fetch
        first ? rows only
2026-04-20 10:01:57.363 - 
    insert 
    into
        usuarios
        (activo, apellido, email, nombre, password, id_usuario) 
    values
        (?, ?, ?, ?, ?, default)
2026-04-20 10:01:57.502 - 
    select
        u1_0.id_usuario,
        case 
            when u1_1.id_usuario is not null 
                then 1 
            when u1_2.id_usuario is not null 
                then 2 
            when u1_3.id_usuario is not null 
                then 3 
            when u1_0.id_usuario is not null 
                then 0 
        end,
        u1_0.activo,
        u1_0.apellido,
        u1_0.email,
        u1_0.nombre,
        u1_0.password,
        u1_1.area,
        u1_1.nivel_acceso,
        u1_1.rol,
        u1_2.departamento,
        u1_2.especialidad,
        u1_2.titulo,
        u1_3.anio_ingreso,
        u1_3.carrera,
        u1_3.legajo 
    from
        usuarios u1_0 
    left join
        administradores u1_1 
            on u1_0.id_usuario=u1_1.id_usuario 
    left join
        docentes u1_2 
            on u1_0.id_usuario=u1_2.id_usuario 
    left join
        estudiantes u1_3 
            on u1_0.id_usuario=u1_3.id_usuario 
    where
        u1_0.email=?
2026-04-20 10:01:57.608 - 
    select
        u1_0.id_usuario,
        case 
            when u1_1.id_usuario is not null 
                then 1 
            when u1_2.id_usuario is not null 
                then 2 
            when u1_3.id_usuario is not null 
                then 3 
            when u1_0.id_usuario is not null 
                then 0 
        end,
        u1_0.activo,
        u1_0.apellido,
        u1_0.email,
        u1_0.nombre,
        u1_0.password,
        u1_1.area,
        u1_1.nivel_acceso,
        u1_1.rol,
        u1_2.departamento,
        u1_2.especialidad,
        u1_2.titulo,
        u1_3.anio_ingreso,
        u1_3.carrera,
        u1_3.legajo 
    from
        usuarios u1_0 
    left join
        administradores u1_1 
            on u1_0.id_usuario=u1_1.id_usuario 
    left join
        docentes u1_2 
            on u1_0.id_usuario=u1_2.id_usuario 
    left join
        estudiantes u1_3 
            on u1_0.id_usuario=u1_3.id_usuario 
    where
        u1_0.email=?
2026-04-20 10:01:57.622 - 
    select
        count(*) 
    from
        administradores a1_0 
    where
        a1_0.id_usuario=?
2026-04-20 10:01:57.626 - 
    select
        count(*) 
    from
        docentes d1_0 
    where
        d1_0.id_usuario=?
2026-04-20 10:01:57.628 - 
    select
        count(*) 
    from
        estudiantes e1_0 
    where
        e1_0.id_usuario=?
2026-04-20 10:02:06.381 - 
    select
        u1_0.id_usuario 
    from
        usuarios u1_0 
    where
        u1_0.email=? 
    fetch
        first ? rows only
2026-04-20 10:02:06.394 - 
    select
        u1_0.id_usuario,
        case 
            when u1_1.id_usuario is not null 
                then 1 
            when u1_2.id_usuario is not null 
                then 2 
            when u1_3.id_usuario is not null 
                then 3 
            when u1_0.id_usuario is not null 
                then 0 
        end,
        u1_0.activo,
        u1_0.apellido,
        u1_0.email,
        u1_0.nombre,
        u1_0.password,
        u1_1.area,
        u1_1.nivel_acceso,
        u1_1.rol,
        u1_2.departamento,
        u1_2.especialidad,
        u1_2.titulo,
        u1_3.anio_ingreso,
        u1_3.carrera,
        u1_3.legajo 
    from
        usuarios u1_0 
    left join
        administradores u1_1 
            on u1_0.id_usuario=u1_1.id_usuario 
    left join
        docentes u1_2 
            on u1_0.id_usuario=u1_2.id_usuario 
    left join
        estudiantes u1_3 
            on u1_0.id_usuario=u1_3.id_usuario 
    where
        u1_0.email=?
2026-04-20 10:02:06.474 - 
    select
        u1_0.id_usuario,
        case 
            when u1_1.id_usuario is not null 
                then 1 
            when u1_2.id_usuario is not null 
                then 2 
            when u1_3.id_usuario is not null 
                then 3 
            when u1_0.id_usuario is not null 
                then 0 
        end,
        u1_0.activo,
        u1_0.apellido,
        u1_0.email,
        u1_0.nombre,
        u1_0.password,
        u1_1.area,
        u1_1.nivel_acceso,
        u1_1.rol,
        u1_2.departamento,
        u1_2.especialidad,
        u1_2.titulo,
        u1_3.anio_ingreso,
        u1_3.carrera,
        u1_3.legajo 
    from
        usuarios u1_0 
    left join
        administradores u1_1 
            on u1_0.id_usuario=u1_1.id_usuario 
    left join
        docentes u1_2 
            on u1_0.id_usuario=u1_2.id_usuario 
    left join
        estudiantes u1_3 
            on u1_0.id_usuario=u1_3.id_usuario 
    where
        u1_0.email=?
2026-04-20 10:02:06.475 - 
    select
        count(*) 
    from
        administradores a1_0 
    where
        a1_0.id_usuario=?
2026-04-20 10:02:06.476 - 
    select
        count(*) 
    from
        docentes d1_0 
    where
        d1_0.id_usuario=?
2026-04-20 10:02:06.476 - 
    select
        count(*) 
    from
        estudiantes e1_0 
    where
        e1_0.id_usuario=?
2026-04-20 10:08:11.918 - 
    drop table if exists administradores cascade 
2026-04-20 10:08:11.919 - 
    drop table if exists docentes cascade 
2026-04-20 10:08:11.919 - 
    drop table if exists estudiantes cascade 
2026-04-20 10:08:11.920 - 
    drop table if exists inscripciones cascade 
2026-04-20 10:08:11.920 - 
    drop table if exists materias cascade 
2026-04-20 10:08:11.921 - 
    drop table if exists usuarios cascade 
2026-04-20 10:08:12.396 - 
    create global temporary table HT_usuarios(id_usuario bigint not null, primary key (id_usuario)) transactional
2026-04-20 10:08:12.396 - 
    create global temporary table HTE_usuarios(activo boolean, HTE_IDENTITY bigint generated 
by
    default as identity, idUsuario bigint, apellido varchar(100), nombre varchar(100), email varchar(255), password varchar(255), primary key (HTE_IDENTITY)) transactional
2026-04-20 10:08:12.397 - 
    create global temporary table HTE_administradores(activo boolean, nivelAcceso integer, HTE_IDENTITY bigint generated 
by
    default as identity, idUsuario bigint, rol varchar(50), apellido varchar(100), area varchar(100), nombre varchar(100), email varchar(255), password varchar(255), primary key (HTE_IDENTITY)) transactional
2026-04-20 10:08:12.398 - 
    create global temporary table HTE_estudiantes(activo boolean, anioIngreso integer, HTE_IDENTITY bigint generated 
by
    default as identity, idUsuario bigint, legajo varchar(20), apellido varchar(100), carrera varchar(100), nombre varchar(100), email varchar(255), password varchar(255), primary key (HTE_IDENTITY)) transactional
2026-04-20 10:08:12.398 - 
    create global temporary table HTE_docentes(activo boolean, HTE_IDENTITY bigint generated 
by
    default as identity, idUsuario bigint, apellido varchar(100), departamento varchar(100), especialidad varchar(100), nombre varchar(100), titulo varchar(200), email varchar(255), password varchar(255), primary key (HTE_IDENTITY)) transactional
2026-04-20 10:08:12.411 - 
    drop table if exists administradores cascade 
2026-04-20 10:08:12.411 - 
    drop table if exists docentes cascade 
2026-04-20 10:08:12.411 - 
    drop table if exists estudiantes cascade 
2026-04-20 10:08:12.411 - 
    drop table if exists inscripciones cascade 
2026-04-20 10:08:12.411 - 
    drop table if exists materias cascade 
2026-04-20 10:08:12.411 - 
    drop table if exists periodos cascade 
2026-04-20 10:08:12.411 - 
    drop table if exists usuarios cascade 
2026-04-20 10:08:12.412 - 
    create table administradores (
        nivel_acceso integer,
        id_usuario bigint not null,
        rol varchar(50) not null,
        area varchar(100),
        primary key (id_usuario)
    )
2026-04-20 10:08:12.412 - 
    create table docentes (
        id_usuario bigint not null,
        departamento varchar(100),
        especialidad varchar(100),
        titulo varchar(200),
        primary key (id_usuario)
    )
2026-04-20 10:08:12.413 - 
    create table estudiantes (
        anio_ingreso integer,
        id_usuario bigint not null,
        legajo varchar(20) not null unique,
        carrera varchar(100) not null,
        primary key (id_usuario)
    )
2026-04-20 10:08:12.413 - 
    create table inscripciones (
        asistencias integer,
        fecha_inscripcion date not null,
        nota_final float(53),
        nota_parcial1 float(53),
        nota_parcial2 float(53),
        id_estudiante bigint not null,
        id_inscripcion bigint generated by default as identity,
        id_materia bigint not null,
        estado varchar(20) not null,
        primary key (id_inscripcion)
    )
2026-04-20 10:08:12.414 - 
    create table materias (
        anio integer,
        creditos integer,
        cuatrimestre integer,
        id_docente bigint,
        id_materia bigint generated by default as identity,
        codigo varchar(20) not null unique,
        nombre varchar(200) not null,
        descripcion TEXT,
        primary key (id_materia)
    )
2026-04-20 10:08:12.415 - 
    create table periodos (
        activo boolean not null,
        anio integer not null,
        cuatrimestre integer not null,
        fecha_fin date not null,
        fecha_inicio date not null,
        id_periodo bigint generated by default as identity,
        nombre varchar(100) not null,
        primary key (id_periodo)
    )
2026-04-20 10:08:12.415 - 
    create table usuarios (
        activo boolean not null,
        id_usuario bigint generated by default as identity,
        apellido varchar(100) not null,
        nombre varchar(100) not null,
        email varchar(255) not null unique,
        password varchar(255) not null,
        primary key (id_usuario)
    )
2026-04-20 10:08:12.416 - 
    alter table if exists administradores 
       add constraint FK28dj1ai3f8gnqhjuns8dnamrp 
       foreign key (id_usuario) 
       references usuarios
2026-04-20 10:08:12.417 - 
    alter table if exists docentes 
       add constraint FK489bautdwr1vo00f1nm0ipysi 
       foreign key (id_usuario) 
       references usuarios
2026-04-20 10:08:12.417 - 
    alter table if exists estudiantes 
       add constraint FKaiehyv3poghvcl0erh0vrw76q 
       foreign key (id_usuario) 
       references usuarios
2026-04-20 10:08:12.418 - 
    alter table if exists inscripciones 
       add constraint FKek59i6fh86qxytodhvtvsfkv9 
       foreign key (id_estudiante) 
       references estudiantes
2026-04-20 10:08:12.419 - 
    alter table if exists inscripciones 
       add constraint FKmkchqo2wdwfkno7pdtrmuw5xp 
       foreign key (id_materia) 
       references materias
2026-04-20 10:08:12.420 - 
    alter table if exists materias 
       add constraint FK89tuqig6ixo7nsy0cukn3yvyd 
       foreign key (id_docente) 
       references docentes
2026-04-20 10:13:50.956 - 
    drop table if exists administradores cascade 
2026-04-20 10:13:50.956 - 
    drop table if exists docentes cascade 
2026-04-20 10:13:50.957 - 
    drop table if exists estudiantes cascade 
2026-04-20 10:13:50.957 - 
    drop table if exists inscripciones cascade 
2026-04-20 10:13:50.958 - 
    drop table if exists materias cascade 
2026-04-20 10:13:50.958 - 
    drop table if exists periodos cascade 
2026-04-20 10:13:50.958 - 
    drop table if exists usuarios cascade 
2026-04-20 10:14:31.090 - 
    create global temporary table HT_usuarios(id_usuario bigint not null, primary key (id_usuario)) transactional
2026-04-20 10:14:31.097 - 
    create global temporary table HTE_usuarios(activo boolean, HTE_IDENTITY bigint generated 
by
    default as identity, idUsuario bigint, apellido varchar(100), nombre varchar(100), email varchar(255), password varchar(255), primary key (HTE_IDENTITY)) transactional
2026-04-20 10:14:31.101 - 
    create global temporary table HTE_administradores(activo boolean, nivelAcceso integer, HTE_IDENTITY bigint generated 
by
    default as identity, idUsuario bigint, rol varchar(50), apellido varchar(100), area varchar(100), nombre varchar(100), email varchar(255), password varchar(255), primary key (HTE_IDENTITY)) transactional
2026-04-20 10:14:31.105 - 
    create global temporary table HTE_estudiantes(activo boolean, anioIngreso integer, HTE_IDENTITY bigint generated 
by
    default as identity, idUsuario bigint, legajo varchar(20), apellido varchar(100), carrera varchar(100), nombre varchar(100), email varchar(255), password varchar(255), primary key (HTE_IDENTITY)) transactional
2026-04-20 10:14:31.107 - 
    create global temporary table HTE_docentes(activo boolean, HTE_IDENTITY bigint generated 
by
    default as identity, idUsuario bigint, apellido varchar(100), departamento varchar(100), especialidad varchar(100), nombre varchar(100), titulo varchar(200), email varchar(255), password varchar(255), primary key (HTE_IDENTITY)) transactional
2026-04-20 10:14:31.231 - 
    drop table if exists administradores cascade 
2026-04-20 10:14:31.232 - 
    drop table if exists docentes cascade 
2026-04-20 10:14:31.232 - 
    drop table if exists estudiantes cascade 
2026-04-20 10:14:31.232 - 
    drop table if exists inscripciones cascade 
2026-04-20 10:14:31.232 - 
    drop table if exists materias cascade 
2026-04-20 10:14:31.233 - 
    drop table if exists periodos cascade 
2026-04-20 10:14:31.233 - 
    drop table if exists usuarios cascade 
2026-04-20 10:14:31.237 - 
    create table administradores (
        nivel_acceso integer,
        id_usuario bigint not null,
        rol varchar(50) not null,
        area varchar(100),
        primary key (id_usuario)
    )
2026-04-20 10:14:31.238 - 
    create table docentes (
        id_usuario bigint not null,
        departamento varchar(100),
        especialidad varchar(100),
        titulo varchar(200),
        primary key (id_usuario)
    )
2026-04-20 10:14:31.239 - 
    create table estudiantes (
        anio_ingreso integer,
        id_usuario bigint not null,
        legajo varchar(20) not null unique,
        carrera varchar(100) not null,
        primary key (id_usuario)
    )
2026-04-20 10:14:31.240 - 
    create table inscripciones (
        asistencias integer,
        fecha_inscripcion date not null,
        nota_final float(53),
        nota_parcial1 float(53),
        nota_parcial2 float(53),
        id_estudiante bigint not null,
        id_inscripcion bigint generated by default as identity,
        id_materia bigint not null,
        estado varchar(20) not null,
        primary key (id_inscripcion)
    )
2026-04-20 10:14:31.241 - 
    create table materias (
        anio integer,
        creditos integer,
        cuatrimestre integer,
        id_docente bigint,
        id_materia bigint generated by default as identity,
        codigo varchar(20) not null unique,
        nombre varchar(200) not null,
        descripcion TEXT,
        primary key (id_materia)
    )
2026-04-20 10:14:31.243 - 
    create table periodos (
        activo boolean not null,
        anio integer not null,
        cuatrimestre integer not null,
        fecha_fin date not null,
        fecha_inicio date not null,
        id_periodo bigint generated by default as identity,
        nombre varchar(100) not null,
        primary key (id_periodo)
    )
2026-04-20 10:14:31.243 - 
    create table usuarios (
        activo boolean not null,
        id_usuario bigint generated by default as identity,
        apellido varchar(100) not null,
        nombre varchar(100) not null,
        email varchar(255) not null unique,
        password varchar(255) not null,
        primary key (id_usuario)
    )
2026-04-20 10:14:31.245 - 
    alter table if exists administradores 
       add constraint FK28dj1ai3f8gnqhjuns8dnamrp 
       foreign key (id_usuario) 
       references usuarios
2026-04-20 10:14:31.254 - 
    alter table if exists docentes 
       add constraint FK489bautdwr1vo00f1nm0ipysi 
       foreign key (id_usuario) 
       references usuarios
2026-04-20 10:14:31.255 - 
    alter table if exists estudiantes 
       add constraint FKaiehyv3poghvcl0erh0vrw76q 
       foreign key (id_usuario) 
       references usuarios
2026-04-20 10:14:31.256 - 
    alter table if exists inscripciones 
       add constraint FKek59i6fh86qxytodhvtvsfkv9 
       foreign key (id_estudiante) 
       references estudiantes
2026-04-20 10:14:31.257 - 
    alter table if exists inscripciones 
       add constraint FKmkchqo2wdwfkno7pdtrmuw5xp 
       foreign key (id_materia) 
       references materias
2026-04-20 10:14:31.258 - 
    alter table if exists materias 
       add constraint FK89tuqig6ixo7nsy0cukn3yvyd 
       foreign key (id_docente) 
       references docentes
2026-04-20 10:20:07.913 - 
    drop table if exists administradores cascade 
2026-04-20 10:20:07.914 - 
    drop table if exists docentes cascade 
2026-04-20 10:20:07.914 - 
    drop table if exists estudiantes cascade 
2026-04-20 10:20:07.915 - 
    drop table if exists inscripciones cascade 
2026-04-20 10:20:07.915 - 
    drop table if exists materias cascade 
2026-04-20 10:20:07.916 - 
    drop table if exists periodos cascade 
2026-04-20 10:20:07.916 - 
    drop table if exists usuarios cascade 
2026-04-20 10:20:08.403 - 
    create global temporary table HT_usuarios(id_usuario bigint not null, primary key (id_usuario)) transactional
2026-04-20 10:20:08.403 - 
    create global temporary table HTE_usuarios(activo boolean, HTE_IDENTITY bigint generated 
by
    default as identity, idUsuario bigint, apellido varchar(100), nombre varchar(100), email varchar(255), password varchar(255), primary key (HTE_IDENTITY)) transactional
2026-04-20 10:20:08.404 - 
    create global temporary table HTE_administradores(activo boolean, nivelAcceso integer, HTE_IDENTITY bigint generated 
by
    default as identity, idUsuario bigint, rol varchar(50), apellido varchar(100), area varchar(100), nombre varchar(100), email varchar(255), password varchar(255), primary key (HTE_IDENTITY)) transactional
2026-04-20 10:20:08.405 - 
    create global temporary table HTE_estudiantes(activo boolean, anioIngreso integer, HTE_IDENTITY bigint generated 
by
    default as identity, idUsuario bigint, legajo varchar(20), apellido varchar(100), carrera varchar(100), nombre varchar(100), email varchar(255), password varchar(255), primary key (HTE_IDENTITY)) transactional
2026-04-20 10:20:08.405 - 
    create global temporary table HTE_docentes(activo boolean, HTE_IDENTITY bigint generated 
by
    default as identity, idUsuario bigint, apellido varchar(100), departamento varchar(100), especialidad varchar(100), nombre varchar(100), titulo varchar(200), email varchar(255), password varchar(255), primary key (HTE_IDENTITY)) transactional
2026-04-20 10:20:08.420 - 
    drop table if exists administradores cascade 
2026-04-20 10:20:08.420 - 
    drop table if exists auditorios cascade 
2026-04-20 10:20:08.421 - 
    drop table if exists docentes cascade 
2026-04-20 10:20:08.421 - 
    drop table if exists estudiantes cascade 
2026-04-20 10:20:08.421 - 
    drop table if exists inscripciones cascade 
2026-04-20 10:20:08.421 - 
    drop table if exists materias cascade 
2026-04-20 10:20:08.421 - 
    drop table if exists periodos cascade 
2026-04-20 10:20:08.421 - 
    drop table if exists reservas_auditorio cascade 
2026-04-20 10:20:08.421 - 
    drop table if exists usuarios cascade 
2026-04-20 10:20:08.421 - 
    create table administradores (
        nivel_acceso integer,
        id_usuario bigint not null,
        rol varchar(50) not null,
        area varchar(100),
        primary key (id_usuario)
    )
2026-04-20 10:20:08.422 - 
    create table auditorios (
        activo boolean not null,
        capacidad integer not null,
        id_auditorio bigint generated by default as identity,
        nombre varchar(150) not null unique,
        ubicacion varchar(200),
        descripcion TEXT,
        equipamiento TEXT,
        primary key (id_auditorio)
    )
2026-04-20 10:20:08.423 - 
    create table docentes (
        id_usuario bigint not null,
        departamento varchar(100),
        especialidad varchar(100),
        titulo varchar(200),
        primary key (id_usuario)
    )
2026-04-20 10:20:08.424 - 
    create table estudiantes (
        anio_ingreso integer,
        id_usuario bigint not null,
        legajo varchar(20) not null unique,
        carrera varchar(100) not null,
        primary key (id_usuario)
    )
2026-04-20 10:20:08.425 - 
    create table inscripciones (
        asistencias integer,
        fecha_inscripcion date not null,
        nota_final float(53),
        nota_parcial1 float(53),
        nota_parcial2 float(53),
        id_estudiante bigint not null,
        id_inscripcion bigint generated by default as identity,
        id_materia bigint not null,
        estado varchar(20) not null,
        primary key (id_inscripcion)
    )
2026-04-20 10:20:08.426 - 
    create table materias (
        anio integer,
        creditos integer,
        cuatrimestre integer,
        id_docente bigint,
        id_materia bigint generated by default as identity,
        codigo varchar(20) not null unique,
        nombre varchar(200) not null,
        descripcion TEXT,
        primary key (id_materia)
    )
2026-04-20 10:20:08.426 - 
    create table periodos (
        activo boolean not null,
        anio integer not null,
        cuatrimestre integer not null,
        fecha_fin date not null,
        fecha_inicio date not null,
        id_periodo bigint generated by default as identity,
        nombre varchar(100) not null,
        primary key (id_periodo)
    )
2026-04-20 10:20:08.427 - 
    create table reservas_auditorio (
        fecha date not null,
        hora_fin time(0) not null,
        hora_inicio time(0) not null,
        id_auditorio bigint not null,
        id_reserva bigint generated by default as identity,
        id_usuario bigint not null,
        estado varchar(20) not null,
        motivo varchar(300) not null,
        descripcion TEXT,
        observaciones TEXT,
        primary key (id_reserva)
    )
2026-04-20 10:20:08.428 - 
    create table usuarios (
        activo boolean not null,
        id_usuario bigint generated by default as identity,
        apellido varchar(100) not null,
        nombre varchar(100) not null,
        email varchar(255) not null unique,
        password varchar(255) not null,
        primary key (id_usuario)
    )
2026-04-20 10:20:08.428 - 
    alter table if exists administradores 
       add constraint FK28dj1ai3f8gnqhjuns8dnamrp 
       foreign key (id_usuario) 
       references usuarios
2026-04-20 10:20:08.429 - 
    alter table if exists docentes 
       add constraint FK489bautdwr1vo00f1nm0ipysi 
       foreign key (id_usuario) 
       references usuarios
2026-04-20 10:20:08.430 - 
    alter table if exists estudiantes 
       add constraint FKaiehyv3poghvcl0erh0vrw76q 
       foreign key (id_usuario) 
       references usuarios
2026-04-20 10:20:08.430 - 
    alter table if exists inscripciones 
       add constraint FKek59i6fh86qxytodhvtvsfkv9 
       foreign key (id_estudiante) 
       references estudiantes
2026-04-20 10:20:08.431 - 
    alter table if exists inscripciones 
       add constraint FKmkchqo2wdwfkno7pdtrmuw5xp 
       foreign key (id_materia) 
       references materias
2026-04-20 10:20:08.432 - 
    alter table if exists materias 
       add constraint FK89tuqig6ixo7nsy0cukn3yvyd 
       foreign key (id_docente) 
       references docentes
2026-04-20 10:20:08.433 - 
    alter table if exists reservas_auditorio 
       add constraint FK7bc1mnj9vg9s3l086pd8i7mr4 
       foreign key (id_auditorio) 
       references auditorios
2026-04-20 10:20:08.434 - 
    alter table if exists reservas_auditorio 
       add constraint FKp85j3nx4hvwgro5cawqit33iu 
       foreign key (id_usuario) 
       references usuarios
2026-04-20 10:20:56.266 - 
    drop table if exists administradores cascade 
2026-04-20 10:20:56.267 - 
    drop table if exists auditorios cascade 
2026-04-20 10:20:56.267 - 
    drop table if exists docentes cascade 
2026-04-20 10:20:56.268 - 
    drop table if exists estudiantes cascade 
2026-04-20 10:20:56.268 - 
    drop table if exists inscripciones cascade 
2026-04-20 10:20:56.268 - 
    drop table if exists materias cascade 
2026-04-20 10:20:56.269 - 
    drop table if exists periodos cascade 
2026-04-20 10:20:56.269 - 
    drop table if exists reservas_auditorio cascade 
2026-04-20 10:20:56.269 - 
    drop table if exists usuarios cascade 
2026-04-20 10:20:56.701 - 
    create global temporary table HT_usuarios(id_usuario bigint not null, primary key (id_usuario)) transactional
2026-04-20 10:20:56.702 - 
    create global temporary table HTE_usuarios(activo boolean, HTE_IDENTITY bigint generated 
by
    default as identity, idUsuario bigint, apellido varchar(100), nombre varchar(100), email varchar(255), password varchar(255), primary key (HTE_IDENTITY)) transactional
2026-04-20 10:20:56.702 - 
    create global temporary table HTE_administradores(activo boolean, nivelAcceso integer, HTE_IDENTITY bigint generated 
by
    default as identity, idUsuario bigint, rol varchar(50), apellido varchar(100), area varchar(100), nombre varchar(100), email varchar(255), password varchar(255), primary key (HTE_IDENTITY)) transactional
2026-04-20 10:20:56.703 - 
    create global temporary table HTE_estudiantes(activo boolean, anioIngreso integer, HTE_IDENTITY bigint generated 
by
    default as identity, idUsuario bigint, legajo varchar(20), apellido varchar(100), carrera varchar(100), nombre varchar(100), email varchar(255), password varchar(255), primary key (HTE_IDENTITY)) transactional
2026-04-20 10:20:56.703 - 
    create global temporary table HTE_docentes(activo boolean, HTE_IDENTITY bigint generated 
by
    default as identity, idUsuario bigint, apellido varchar(100), departamento varchar(100), especialidad varchar(100), nombre varchar(100), titulo varchar(200), email varchar(255), password varchar(255), primary key (HTE_IDENTITY)) transactional
2026-04-20 10:20:56.716 - 
    drop table if exists administradores cascade 
2026-04-20 10:20:56.716 - 
    drop table if exists auditorios cascade 
2026-04-20 10:20:56.716 - 
    drop table if exists docentes cascade 
2026-04-20 10:20:56.716 - 
    drop table if exists estudiantes cascade 
2026-04-20 10:20:56.716 - 
    drop table if exists inscripciones cascade 
2026-04-20 10:20:56.716 - 
    drop table if exists materias cascade 
2026-04-20 10:20:56.716 - 
    drop table if exists periodos cascade 
2026-04-20 10:20:56.716 - 
    drop table if exists reservas_auditorio cascade 
2026-04-20 10:20:56.717 - 
    drop table if exists usuarios cascade 
2026-04-20 10:20:56.717 - 
    create table administradores (
        nivel_acceso integer,
        id_usuario bigint not null,
        rol varchar(50) not null,
        area varchar(100),
        primary key (id_usuario)
    )
2026-04-20 10:20:56.717 - 
    create table auditorios (
        activo boolean not null,
        capacidad integer not null,
        id_auditorio bigint generated by default as identity,
        nombre varchar(150) not null unique,
        ubicacion varchar(200),
        descripcion TEXT,
        equipamiento TEXT,
        primary key (id_auditorio)
    )
2026-04-20 10:20:56.718 - 
    create table docentes (
        id_usuario bigint not null,
        departamento varchar(100),
        especialidad varchar(100),
        titulo varchar(200),
        primary key (id_usuario)
    )
2026-04-20 10:20:56.718 - 
    create table estudiantes (
        anio_ingreso integer,
        id_usuario bigint not null,
        legajo varchar(20) not null unique,
        carrera varchar(100) not null,
        primary key (id_usuario)
    )
2026-04-20 10:20:56.719 - 
    create table inscripciones (
        asistencias integer,
        fecha_inscripcion date not null,
        nota_final float(53),
        nota_parcial1 float(53),
        nota_parcial2 float(53),
        id_estudiante bigint not null,
        id_inscripcion bigint generated by default as identity,
        id_materia bigint not null,
        estado varchar(20) not null,
        primary key (id_inscripcion)
    )
2026-04-20 10:20:56.719 - 
    create table materias (
        anio integer,
        creditos integer,
        cuatrimestre integer,
        id_docente bigint,
        id_materia bigint generated by default as identity,
        codigo varchar(20) not null unique,
        nombre varchar(200) not null,
        descripcion TEXT,
        primary key (id_materia)
    )
2026-04-20 10:20:56.720 - 
    create table periodos (
        activo boolean not null,
        anio integer not null,
        cuatrimestre integer not null,
        fecha_fin date not null,
        fecha_inicio date not null,
        id_periodo bigint generated by default as identity,
        nombre varchar(100) not null,
        primary key (id_periodo)
    )
2026-04-20 10:20:56.720 - 
    create table reservas_auditorio (
        fecha date not null,
        hora_fin time(0) not null,
        hora_inicio time(0) not null,
        id_auditorio bigint not null,
        id_reserva bigint generated by default as identity,
        id_usuario bigint not null,
        estado varchar(20) not null,
        motivo varchar(300) not null,
        descripcion TEXT,
        observaciones TEXT,
        primary key (id_reserva)
    )
2026-04-20 10:20:56.721 - 
    create table usuarios (
        activo boolean not null,
        id_usuario bigint generated by default as identity,
        apellido varchar(100) not null,
        nombre varchar(100) not null,
        email varchar(255) not null unique,
        password varchar(255) not null,
        primary key (id_usuario)
    )
2026-04-20 10:20:56.722 - 
    alter table if exists administradores 
       add constraint FK28dj1ai3f8gnqhjuns8dnamrp 
       foreign key (id_usuario) 
       references usuarios
2026-04-20 10:20:56.723 - 
    alter table if exists docentes 
       add constraint FK489bautdwr1vo00f1nm0ipysi 
       foreign key (id_usuario) 
       references usuarios
2026-04-20 10:20:56.724 - 
    alter table if exists estudiantes 
       add constraint FKaiehyv3poghvcl0erh0vrw76q 
       foreign key (id_usuario) 
       references usuarios
2026-04-20 10:20:56.724 - 
    alter table if exists inscripciones 
       add constraint FKek59i6fh86qxytodhvtvsfkv9 
       foreign key (id_estudiante) 
       references estudiantes
2026-04-20 10:20:56.725 - 
    alter table if exists inscripciones 
       add constraint FKmkchqo2wdwfkno7pdtrmuw5xp 
       foreign key (id_materia) 
       references materias
2026-04-20 10:20:56.726 - 
    alter table if exists materias 
       add constraint FK89tuqig6ixo7nsy0cukn3yvyd 
       foreign key (id_docente) 
       references docentes
2026-04-20 10:20:56.727 - 
    alter table if exists reservas_auditorio 
       add constraint FK7bc1mnj9vg9s3l086pd8i7mr4 
       foreign key (id_auditorio) 
       references auditorios
2026-04-20 10:20:56.727 - 
    alter table if exists reservas_auditorio 
       add constraint FKp85j3nx4hvwgro5cawqit33iu 
       foreign key (id_usuario) 
       references usuarios
2026-04-20 10:27:02.990 - 
    drop table if exists administradores cascade 
2026-04-20 10:27:02.991 - 
    drop table if exists auditorios cascade 
2026-04-20 10:27:02.991 - 
    drop table if exists docentes cascade 
2026-04-20 10:27:02.991 - 
    drop table if exists estudiantes cascade 
2026-04-20 10:27:02.992 - 
    drop table if exists inscripciones cascade 
2026-04-20 10:27:02.992 - 
    drop table if exists materias cascade 
2026-04-20 10:27:02.992 - 
    drop table if exists periodos cascade 
2026-04-20 10:27:02.992 - 
    drop table if exists reservas_auditorio cascade 
2026-04-20 10:27:02.993 - 
    drop table if exists usuarios cascade 
2026-04-20 10:27:03.451 - 
    create global temporary table HT_usuarios(id_usuario bigint not null, primary key (id_usuario)) transactional
2026-04-20 10:27:03.452 - 
    create global temporary table HTE_usuarios(activo boolean, HTE_IDENTITY bigint generated 
by
    default as identity, idUsuario bigint, apellido varchar(100), nombre varchar(100), email varchar(255), password varchar(255), primary key (HTE_IDENTITY)) transactional
2026-04-20 10:27:03.453 - 
    create global temporary table HTE_administradores(activo boolean, nivelAcceso integer, HTE_IDENTITY bigint generated 
by
    default as identity, idUsuario bigint, rol varchar(50), apellido varchar(100), area varchar(100), nombre varchar(100), email varchar(255), password varchar(255), primary key (HTE_IDENTITY)) transactional
2026-04-20 10:27:03.453 - 
    create global temporary table HTE_estudiantes(activo boolean, anioIngreso integer, HTE_IDENTITY bigint generated 
by
    default as identity, idUsuario bigint, legajo varchar(20), apellido varchar(100), carrera varchar(100), nombre varchar(100), email varchar(255), password varchar(255), primary key (HTE_IDENTITY)) transactional
2026-04-20 10:27:03.454 - 
    create global temporary table HTE_docentes(activo boolean, HTE_IDENTITY bigint generated 
by
    default as identity, idUsuario bigint, apellido varchar(100), departamento varchar(100), especialidad varchar(100), nombre varchar(100), titulo varchar(200), email varchar(255), password varchar(255), primary key (HTE_IDENTITY)) transactional
2026-04-20 10:27:03.465 - 
    drop table if exists administradores cascade 
2026-04-20 10:27:03.465 - 
    drop table if exists auditorios cascade 
2026-04-20 10:27:03.465 - 
    drop table if exists docentes cascade 
2026-04-20 10:27:03.465 - 
    drop table if exists estudiantes cascade 
2026-04-20 10:27:03.465 - 
    drop table if exists inscripciones cascade 
2026-04-20 10:27:03.465 - 
    drop table if exists materias cascade 
2026-04-20 10:27:03.465 - 
    drop table if exists periodos cascade 
2026-04-20 10:27:03.465 - 
    drop table if exists reservas_auditorio cascade 
2026-04-20 10:27:03.466 - 
    drop table if exists usuarios cascade 
2026-04-20 10:27:03.466 - 
    create table administradores (
        nivel_acceso integer,
        id_usuario bigint not null,
        rol varchar(50) not null,
        area varchar(100),
        primary key (id_usuario)
    )
2026-04-20 10:27:03.466 - 
    create table auditorios (
        activo boolean not null,
        capacidad integer not null,
        id_auditorio bigint generated by default as identity,
        nombre varchar(150) not null unique,
        ubicacion varchar(200),
        descripcion TEXT,
        equipamiento TEXT,
        primary key (id_auditorio)
    )
2026-04-20 10:27:03.467 - 
    create table docentes (
        id_usuario bigint not null,
        departamento varchar(100),
        especialidad varchar(100),
        titulo varchar(200),
        primary key (id_usuario)
    )
2026-04-20 10:27:03.467 - 
    create table estudiantes (
        anio_ingreso integer,
        id_usuario bigint not null,
        legajo varchar(20) not null unique,
        carrera varchar(100) not null,
        primary key (id_usuario)
    )
2026-04-20 10:27:03.468 - 
    create table inscripciones (
        asistencias integer,
        fecha_inscripcion date not null,
        nota_final float(53),
        nota_parcial1 float(53),
        nota_parcial2 float(53),
        id_estudiante bigint not null,
        id_inscripcion bigint generated by default as identity,
        id_materia bigint not null,
        estado varchar(20) not null,
        primary key (id_inscripcion)
    )
2026-04-20 10:27:03.468 - 
    create table materias (
        anio integer,
        creditos integer,
        cuatrimestre integer,
        id_docente bigint,
        id_materia bigint generated by default as identity,
        codigo varchar(20) not null unique,
        nombre varchar(200) not null,
        descripcion TEXT,
        primary key (id_materia)
    )
2026-04-20 10:27:03.469 - 
    create table periodos (
        activo boolean not null,
        anio integer not null,
        cuatrimestre integer not null,
        fecha_fin date not null,
        fecha_inicio date not null,
        id_periodo bigint generated by default as identity,
        nombre varchar(100) not null,
        primary key (id_periodo)
    )
2026-04-20 10:27:03.470 - 
    create table reservas_auditorio (
        fecha date not null,
        hora_fin time(0) not null,
        hora_inicio time(0) not null,
        id_auditorio bigint not null,
        id_reserva bigint generated by default as identity,
        id_usuario bigint not null,
        estado varchar(20) not null,
        motivo varchar(300) not null,
        descripcion TEXT,
        observaciones TEXT,
        primary key (id_reserva)
    )
2026-04-20 10:27:03.470 - 
    create table usuarios (
        activo boolean not null,
        id_usuario bigint generated by default as identity,
        apellido varchar(100) not null,
        nombre varchar(100) not null,
        email varchar(255) not null unique,
        password varchar(255) not null,
        primary key (id_usuario)
    )
2026-04-20 10:27:03.471 - 
    alter table if exists administradores 
       add constraint FK28dj1ai3f8gnqhjuns8dnamrp 
       foreign key (id_usuario) 
       references usuarios
2026-04-20 10:27:03.471 - 
    alter table if exists docentes 
       add constraint FK489bautdwr1vo00f1nm0ipysi 
       foreign key (id_usuario) 
       references usuarios
2026-04-20 10:27:03.472 - 
    alter table if exists estudiantes 
       add constraint FKaiehyv3poghvcl0erh0vrw76q 
       foreign key (id_usuario) 
       references usuarios
2026-04-20 10:27:03.472 - 
    alter table if exists inscripciones 
       add constraint FKek59i6fh86qxytodhvtvsfkv9 
       foreign key (id_estudiante) 
       references estudiantes
2026-04-20 10:27:03.473 - 
    alter table if exists inscripciones 
       add constraint FKmkchqo2wdwfkno7pdtrmuw5xp 
       foreign key (id_materia) 
       references materias
2026-04-20 10:27:03.473 - 
    alter table if exists materias 
       add constraint FK89tuqig6ixo7nsy0cukn3yvyd 
       foreign key (id_docente) 
       references docentes
2026-04-20 10:27:03.474 - 
    alter table if exists reservas_auditorio 
       add constraint FK7bc1mnj9vg9s3l086pd8i7mr4 
       foreign key (id_auditorio) 
       references auditorios
2026-04-20 10:27:03.474 - 
    alter table if exists reservas_auditorio 
       add constraint FKp85j3nx4hvwgro5cawqit33iu 
       foreign key (id_usuario) 
       references usuarios
2026-04-20 10:47:30.145 - 
    drop table if exists administradores cascade 
2026-04-20 10:47:30.145 - 
    drop table if exists auditorios cascade 
2026-04-20 10:47:30.146 - 
    drop table if exists docentes cascade 
2026-04-20 10:47:30.146 - 
    drop table if exists estudiantes cascade 
2026-04-20 10:47:30.146 - 
    drop table if exists inscripciones cascade 
2026-04-20 10:47:30.147 - 
    drop table if exists materias cascade 
2026-04-20 10:47:30.147 - 
    drop table if exists periodos cascade 
2026-04-20 10:47:30.147 - 
    drop table if exists reservas_auditorio cascade 
2026-04-20 10:47:30.147 - 
    drop table if exists usuarios cascade 
2026-04-20 10:47:30.621 - 
    create global temporary table HT_usuarios(id_usuario bigint not null, primary key (id_usuario)) transactional
2026-04-20 10:47:30.622 - 
    create global temporary table HTE_usuarios(activo boolean, HTE_IDENTITY bigint generated 
by
    default as identity, idUsuario bigint, apellido varchar(100), nombre varchar(100), email varchar(255), password varchar(255), primary key (HTE_IDENTITY)) transactional
2026-04-20 10:47:30.622 - 
    create global temporary table HTE_administradores(activo boolean, nivelAcceso integer, HTE_IDENTITY bigint generated 
by
    default as identity, idUsuario bigint, rol varchar(50), apellido varchar(100), area varchar(100), nombre varchar(100), email varchar(255), password varchar(255), primary key (HTE_IDENTITY)) transactional
2026-04-20 10:47:30.623 - 
    create global temporary table HTE_estudiantes(activo boolean, anioIngreso integer, HTE_IDENTITY bigint generated 
by
    default as identity, idUsuario bigint, legajo varchar(20), apellido varchar(100), carrera varchar(100), nombre varchar(100), email varchar(255), password varchar(255), primary key (HTE_IDENTITY)) transactional
2026-04-20 10:47:30.623 - 
    create global temporary table HTE_docentes(activo boolean, HTE_IDENTITY bigint generated 
by
    default as identity, idUsuario bigint, apellido varchar(100), departamento varchar(100), especialidad varchar(100), nombre varchar(100), titulo varchar(200), email varchar(255), password varchar(255), primary key (HTE_IDENTITY)) transactional
2026-04-20 10:47:30.636 - 
    drop table if exists administradores cascade 
2026-04-20 10:47:30.636 - 
    drop table if exists auditorios cascade 
2026-04-20 10:47:30.636 - 
    drop table if exists docentes cascade 
2026-04-20 10:47:30.636 - 
    drop table if exists estudiantes cascade 
2026-04-20 10:47:30.636 - 
    drop table if exists inscripciones cascade 
2026-04-20 10:47:30.636 - 
    drop table if exists materias cascade 
2026-04-20 10:47:30.636 - 
    drop table if exists periodos cascade 
2026-04-20 10:47:30.636 - 
    drop table if exists reservas_auditorio cascade 
2026-04-20 10:47:30.636 - 
    drop table if exists usuarios cascade 
2026-04-20 10:47:30.636 - 
    create table administradores (
        nivel_acceso integer,
        id_usuario bigint not null,
        rol varchar(50) not null,
        area varchar(100),
        primary key (id_usuario)
    )
2026-04-20 10:47:30.637 - 
    create table auditorios (
        activo boolean not null,
        capacidad integer not null,
        id_auditorio bigint generated by default as identity,
        nombre varchar(150) not null unique,
        ubicacion varchar(200),
        descripcion TEXT,
        equipamiento TEXT,
        primary key (id_auditorio)
    )
2026-04-20 10:47:30.638 - 
    create table docentes (
        id_usuario bigint not null,
        departamento varchar(100),
        especialidad varchar(100),
        titulo varchar(200),
        primary key (id_usuario)
    )
2026-04-20 10:47:30.638 - 
    create table estudiantes (
        anio_ingreso integer,
        id_usuario bigint not null,
        legajo varchar(20) not null unique,
        carrera varchar(100) not null,
        primary key (id_usuario)
    )
2026-04-20 10:47:30.638 - 
    create table inscripciones (
        asistencias integer,
        fecha_inscripcion date not null,
        nota_final float(53),
        nota_parcial1 float(53),
        nota_parcial2 float(53),
        id_estudiante bigint not null,
        id_inscripcion bigint generated by default as identity,
        id_materia bigint not null,
        estado varchar(20) not null,
        primary key (id_inscripcion)
    )
2026-04-20 10:47:30.639 - 
    create table materias (
        anio integer,
        creditos integer,
        cuatrimestre integer,
        id_docente bigint,
        id_materia bigint generated by default as identity,
        codigo varchar(20) not null unique,
        nombre varchar(200) not null,
        descripcion TEXT,
        primary key (id_materia)
    )
2026-04-20 10:47:30.639 - 
    create table periodos (
        activo boolean not null,
        anio integer not null,
        cuatrimestre integer not null,
        fecha_fin date not null,
        fecha_inicio date not null,
        id_periodo bigint generated by default as identity,
        nombre varchar(100) not null,
        primary key (id_periodo)
    )
2026-04-20 10:47:30.640 - 
    create table reservas_auditorio (
        fecha date not null,
        hora_fin time(0) not null,
        hora_inicio time(0) not null,
        id_auditorio bigint not null,
        id_reserva bigint generated by default as identity,
        id_usuario bigint not null,
        estado varchar(20) not null,
        motivo varchar(300) not null,
        descripcion TEXT,
        observaciones TEXT,
        primary key (id_reserva)
    )
2026-04-20 10:47:30.640 - 
    create table usuarios (
        activo boolean not null,
        id_usuario bigint generated by default as identity,
        apellido varchar(100) not null,
        nombre varchar(100) not null,
        email varchar(255) not null unique,
        password varchar(255) not null,
        primary key (id_usuario)
    )
2026-04-20 10:47:30.641 - 
    alter table if exists administradores 
       add constraint FK28dj1ai3f8gnqhjuns8dnamrp 
       foreign key (id_usuario) 
       references usuarios
2026-04-20 10:47:30.642 - 
    alter table if exists docentes 
       add constraint FK489bautdwr1vo00f1nm0ipysi 
       foreign key (id_usuario) 
       references usuarios
2026-04-20 10:47:30.642 - 
    alter table if exists estudiantes 
       add constraint FKaiehyv3poghvcl0erh0vrw76q 
       foreign key (id_usuario) 
       references usuarios
2026-04-20 10:47:30.643 - 
    alter table if exists inscripciones 
       add constraint FKek59i6fh86qxytodhvtvsfkv9 
       foreign key (id_estudiante) 
       references estudiantes
2026-04-20 10:47:30.644 - 
    alter table if exists inscripciones 
       add constraint FKmkchqo2wdwfkno7pdtrmuw5xp 
       foreign key (id_materia) 
       references materias
2026-04-20 10:47:30.645 - 
    alter table if exists materias 
       add constraint FK89tuqig6ixo7nsy0cukn3yvyd 
       foreign key (id_docente) 
       references docentes
2026-04-20 10:47:30.645 - 
    alter table if exists reservas_auditorio 
       add constraint FK7bc1mnj9vg9s3l086pd8i7mr4 
       foreign key (id_auditorio) 
       references auditorios
2026-04-20 10:47:30.646 - 
    alter table if exists reservas_auditorio 
       add constraint FKp85j3nx4hvwgro5cawqit33iu 
       foreign key (id_usuario) 
       references usuarios
2026-04-20 11:17:55.881 - 
    create global temporary table HT_usuarios(id_usuario bigint not null, primary key (id_usuario)) transactional
2026-04-20 11:17:55.887 - 
    create global temporary table HTE_usuarios(activo boolean, HTE_IDENTITY bigint generated 
by
    default as identity, idUsuario bigint, apellido varchar(100), nombre varchar(100), email varchar(255), password varchar(255), primary key (HTE_IDENTITY)) transactional
2026-04-20 11:17:55.890 - 
    create global temporary table HTE_administradores(activo boolean, nivelAcceso integer, HTE_IDENTITY bigint generated 
by
    default as identity, idUsuario bigint, rol varchar(50), apellido varchar(100), area varchar(100), nombre varchar(100), email varchar(255), password varchar(255), primary key (HTE_IDENTITY)) transactional
2026-04-20 11:17:55.891 - 
    create global temporary table HTE_estudiantes(activo boolean, anioIngreso integer, HTE_IDENTITY bigint generated 
by
    default as identity, idUsuario bigint, legajo varchar(20), apellido varchar(100), carrera varchar(100), nombre varchar(100), email varchar(255), password varchar(255), primary key (HTE_IDENTITY)) transactional
2026-04-20 11:17:55.892 - 
    create global temporary table HTE_padres(activo boolean, HTE_IDENTITY bigint generated 
by
    default as identity, idUsuario bigint, dni varchar(20), telefono varchar(30), apellido varchar(100), nombre varchar(100), email varchar(255), password varchar(255), primary key (HTE_IDENTITY)) transactional
2026-04-20 11:17:55.892 - 
    create global temporary table HTE_docentes(activo boolean, HTE_IDENTITY bigint generated 
by
    default as identity, idUsuario bigint, apellido varchar(100), departamento varchar(100), especialidad varchar(100), nombre varchar(100), titulo varchar(200), email varchar(255), password varchar(255), primary key (HTE_IDENTITY)) transactional
2026-04-20 11:17:56.019 - 
    drop table if exists administradores cascade 
2026-04-20 11:17:56.019 - 
    drop table if exists auditorios cascade 
2026-04-20 11:17:56.019 - 
    drop table if exists docentes cascade 
2026-04-20 11:17:56.019 - 
    drop table if exists estudiantes cascade 
2026-04-20 11:17:56.020 - 
    drop table if exists inscripciones cascade 
2026-04-20 11:17:56.020 - 
    drop table if exists materias cascade 
2026-04-20 11:17:56.020 - 
    drop table if exists padres cascade 
2026-04-20 11:17:56.020 - 
    drop table if exists periodos cascade 
2026-04-20 11:17:56.020 - 
    drop table if exists reservas_auditorio cascade 
2026-04-20 11:17:56.020 - 
    drop table if exists usuarios cascade 
2026-04-20 11:17:56.023 - 
    create table administradores (
        nivel_acceso integer,
        id_usuario bigint not null,
        rol varchar(50) not null,
        area varchar(100),
        primary key (id_usuario)
    )
2026-04-20 11:17:56.025 - 
    create table auditorios (
        activo boolean not null,
        capacidad integer not null,
        id_auditorio bigint generated by default as identity,
        nombre varchar(150) not null unique,
        ubicacion varchar(200),
        descripcion TEXT,
        equipamiento TEXT,
        primary key (id_auditorio)
    )
2026-04-20 11:17:56.026 - 
    create table docentes (
        id_usuario bigint not null,
        departamento varchar(100),
        especialidad varchar(100),
        titulo varchar(200),
        primary key (id_usuario)
    )
2026-04-20 11:17:56.027 - 
    create table estudiantes (
        anio_ingreso integer,
        id_usuario bigint not null,
        legajo varchar(20) not null unique,
        carrera varchar(100) not null,
        primary key (id_usuario)
    )
2026-04-20 11:17:56.029 - 
    create table inscripciones (
        asistencias integer,
        fecha_inscripcion date not null,
        nota_cerrada boolean not null,
        nota_final float(53),
        nota_parcial1 float(53),
        nota_parcial2 float(53),
        id_estudiante bigint not null,
        id_inscripcion bigint generated by default as identity,
        id_materia bigint not null,
        estado varchar(20) not null,
        primary key (id_inscripcion)
    )
2026-04-20 11:17:56.030 - 
    create table materias (
        anio integer,
        creditos integer,
        cuatrimestre integer,
        id_docente bigint,
        id_materia bigint generated by default as identity,
        codigo varchar(20) not null unique,
        nombre varchar(200) not null,
        descripcion TEXT,
        primary key (id_materia)
    )
2026-04-20 11:17:56.031 - 
    create table padres (
        id_usuario bigint not null,
        dni varchar(20),
        telefono varchar(30),
        primary key (id_usuario)
    )
2026-04-20 11:17:56.032 - 
    create table periodos (
        activo boolean not null,
        anio integer not null,
        cuatrimestre integer not null,
        fecha_fin date not null,
        fecha_inicio date not null,
        id_periodo bigint generated by default as identity,
        nombre varchar(100) not null,
        primary key (id_periodo)
    )
2026-04-20 11:17:56.033 - 
    create table reservas_auditorio (
        fecha date not null,
        hora_fin time(0) not null,
        hora_inicio time(0) not null,
        id_auditorio bigint not null,
        id_reserva bigint generated by default as identity,
        id_usuario bigint not null,
        estado varchar(20) not null,
        motivo varchar(300) not null,
        descripcion TEXT,
        observaciones TEXT,
        primary key (id_reserva)
    )
2026-04-20 11:17:56.034 - 
    create table usuarios (
        activo boolean not null,
        id_usuario bigint generated by default as identity,
        apellido varchar(100) not null,
        nombre varchar(100) not null,
        email varchar(255) not null unique,
        password varchar(255) not null,
        primary key (id_usuario)
    )
2026-04-20 11:17:56.035 - 
    alter table if exists administradores 
       add constraint FK28dj1ai3f8gnqhjuns8dnamrp 
       foreign key (id_usuario) 
       references usuarios
2026-04-20 11:17:56.042 - 
    alter table if exists docentes 
       add constraint FK489bautdwr1vo00f1nm0ipysi 
       foreign key (id_usuario) 
       references usuarios
2026-04-20 11:17:56.043 - 
    alter table if exists estudiantes 
       add constraint FKaiehyv3poghvcl0erh0vrw76q 
       foreign key (id_usuario) 
       references usuarios
2026-04-20 11:17:56.044 - 
    alter table if exists inscripciones 
       add constraint FKek59i6fh86qxytodhvtvsfkv9 
       foreign key (id_estudiante) 
       references estudiantes
2026-04-20 11:17:56.045 - 
    alter table if exists inscripciones 
       add constraint FKmkchqo2wdwfkno7pdtrmuw5xp 
       foreign key (id_materia) 
       references materias
2026-04-20 11:17:56.047 - 
    alter table if exists materias 
       add constraint FK89tuqig6ixo7nsy0cukn3yvyd 
       foreign key (id_docente) 
       references docentes
2026-04-20 11:17:56.048 - 
    alter table if exists padres 
       add constraint FKoxmt1l3gqmfuketkatpmxj2l8 
       foreign key (id_usuario) 
       references usuarios
2026-04-20 11:17:56.048 - 
    alter table if exists reservas_auditorio 
       add constraint FK7bc1mnj9vg9s3l086pd8i7mr4 
       foreign key (id_auditorio) 
       references auditorios
2026-04-20 11:17:56.049 - 
    alter table if exists reservas_auditorio 
       add constraint FKp85j3nx4hvwgro5cawqit33iu 
       foreign key (id_usuario) 
       references usuarios
2026-04-20 11:17:57.513 - 
    drop table if exists administradores cascade 
2026-04-20 11:17:57.513 - 
    drop table if exists auditorios cascade 
2026-04-20 11:17:57.514 - 
    drop table if exists docentes cascade 
2026-04-20 11:17:57.515 - 
    drop table if exists estudiantes cascade 
2026-04-20 11:17:57.515 - 
    drop table if exists inscripciones cascade 
2026-04-20 11:17:57.516 - 
    drop table if exists materias cascade 
2026-04-20 11:17:57.517 - 
    drop table if exists padres cascade 
2026-04-20 11:17:57.517 - 
    drop table if exists periodos cascade 
2026-04-20 11:17:57.517 - 
    drop table if exists reservas_auditorio cascade 
2026-04-20 11:17:57.518 - 
    drop table if exists usuarios cascade 
2026-04-20 11:18:42.593 - 
    create global temporary table HT_usuarios(id_usuario bigint not null, primary key (id_usuario)) transactional
2026-04-20 11:18:42.600 - 
    create global temporary table HTE_usuarios(activo boolean, HTE_IDENTITY bigint generated 
by
    default as identity, idUsuario bigint, apellido varchar(100), nombre varchar(100), email varchar(255), password varchar(255), primary key (HTE_IDENTITY)) transactional
2026-04-20 11:18:42.602 - 
    create global temporary table HTE_administradores(activo boolean, nivelAcceso integer, HTE_IDENTITY bigint generated 
by
    default as identity, idUsuario bigint, rol varchar(50), apellido varchar(100), area varchar(100), nombre varchar(100), email varchar(255), password varchar(255), primary key (HTE_IDENTITY)) transactional
2026-04-20 11:18:42.603 - 
    create global temporary table HTE_estudiantes(activo boolean, anioIngreso integer, HTE_IDENTITY bigint generated 
by
    default as identity, idUsuario bigint, legajo varchar(20), apellido varchar(100), carrera varchar(100), nombre varchar(100), email varchar(255), password varchar(255), primary key (HTE_IDENTITY)) transactional
2026-04-20 11:18:42.604 - 
    create global temporary table HTE_padres(activo boolean, HTE_IDENTITY bigint generated 
by
    default as identity, idUsuario bigint, dni varchar(20), telefono varchar(30), apellido varchar(100), nombre varchar(100), email varchar(255), password varchar(255), primary key (HTE_IDENTITY)) transactional
2026-04-20 11:18:42.605 - 
    create global temporary table HTE_docentes(activo boolean, HTE_IDENTITY bigint generated 
by
    default as identity, idUsuario bigint, apellido varchar(100), departamento varchar(100), especialidad varchar(100), nombre varchar(100), titulo varchar(200), email varchar(255), password varchar(255), primary key (HTE_IDENTITY)) transactional
2026-04-20 11:18:42.743 - 
    drop table if exists administradores cascade 
2026-04-20 11:18:42.743 - 
    drop table if exists auditorios cascade 
2026-04-20 11:18:42.744 - 
    drop table if exists docentes cascade 
2026-04-20 11:18:42.744 - 
    drop table if exists estudiantes cascade 
2026-04-20 11:18:42.744 - 
    drop table if exists inscripciones cascade 
2026-04-20 11:18:42.744 - 
    drop table if exists materias cascade 
2026-04-20 11:18:42.744 - 
    drop table if exists padres cascade 
2026-04-20 11:18:42.744 - 
    drop table if exists periodos cascade 
2026-04-20 11:18:42.745 - 
    drop table if exists reservas_auditorio cascade 
2026-04-20 11:18:42.745 - 
    drop table if exists usuarios cascade 
2026-04-20 11:18:42.753 - 
    create table administradores (
        nivel_acceso integer,
        id_usuario bigint not null,
        rol varchar(50) not null,
        area varchar(100),
        primary key (id_usuario)
    )
2026-04-20 11:18:42.754 - 
    create table auditorios (
        activo boolean not null,
        capacidad integer not null,
        id_auditorio bigint generated by default as identity,
        nombre varchar(150) not null unique,
        ubicacion varchar(200),
        descripcion TEXT,
        equipamiento TEXT,
        primary key (id_auditorio)
    )
2026-04-20 11:18:42.756 - 
    create table docentes (
        id_usuario bigint not null,
        departamento varchar(100),
        especialidad varchar(100),
        titulo varchar(200),
        primary key (id_usuario)
    )
2026-04-20 11:18:42.757 - 
    create table estudiantes (
        anio_ingreso integer,
        id_usuario bigint not null,
        legajo varchar(20) not null unique,
        carrera varchar(100) not null,
        primary key (id_usuario)
    )
2026-04-20 11:18:42.759 - 
    create table inscripciones (
        asistencias integer,
        fecha_inscripcion date not null,
        nota_cerrada boolean not null,
        nota_final float(53),
        nota_parcial1 float(53),
        nota_parcial2 float(53),
        id_estudiante bigint not null,
        id_inscripcion bigint generated by default as identity,
        id_materia bigint not null,
        estado varchar(20) not null,
        primary key (id_inscripcion)
    )
2026-04-20 11:18:42.760 - 
    create table materias (
        anio integer,
        creditos integer,
        cuatrimestre integer,
        id_docente bigint,
        id_materia bigint generated by default as identity,
        codigo varchar(20) not null unique,
        nombre varchar(200) not null,
        descripcion TEXT,
        primary key (id_materia)
    )
2026-04-20 11:18:42.761 - 
    create table padres (
        id_usuario bigint not null,
        dni varchar(20),
        telefono varchar(30),
        primary key (id_usuario)
    )
2026-04-20 11:18:42.763 - 
    create table periodos (
        activo boolean not null,
        anio integer not null,
        cuatrimestre integer not null,
        fecha_fin date not null,
        fecha_inicio date not null,
        id_periodo bigint generated by default as identity,
        nombre varchar(100) not null,
        primary key (id_periodo)
    )
2026-04-20 11:18:42.764 - 
    create table reservas_auditorio (
        fecha date not null,
        hora_fin time(0) not null,
        hora_inicio time(0) not null,
        id_auditorio bigint not null,
        id_reserva bigint generated by default as identity,
        id_usuario bigint not null,
        estado varchar(20) not null,
        motivo varchar(300) not null,
        descripcion TEXT,
        observaciones TEXT,
        primary key (id_reserva)
    )
2026-04-20 11:18:42.764 - 
    create table usuarios (
        activo boolean not null,
        id_usuario bigint generated by default as identity,
        apellido varchar(100) not null,
        nombre varchar(100) not null,
        email varchar(255) not null unique,
        password varchar(255) not null,
        primary key (id_usuario)
    )
2026-04-20 11:18:42.765 - 
    alter table if exists administradores 
       add constraint FK28dj1ai3f8gnqhjuns8dnamrp 
       foreign key (id_usuario) 
       references usuarios
2026-04-20 11:18:42.774 - 
    alter table if exists docentes 
       add constraint FK489bautdwr1vo00f1nm0ipysi 
       foreign key (id_usuario) 
       references usuarios
2026-04-20 11:18:42.775 - 
    alter table if exists estudiantes 
       add constraint FKaiehyv3poghvcl0erh0vrw76q 
       foreign key (id_usuario) 
       references usuarios
2026-04-20 11:18:42.776 - 
    alter table if exists inscripciones 
       add constraint FKek59i6fh86qxytodhvtvsfkv9 
       foreign key (id_estudiante) 
       references estudiantes
2026-04-20 11:18:42.778 - 
    alter table if exists inscripciones 
       add constraint FKmkchqo2wdwfkno7pdtrmuw5xp 
       foreign key (id_materia) 
       references materias
2026-04-20 11:18:42.779 - 
    alter table if exists materias 
       add constraint FK89tuqig6ixo7nsy0cukn3yvyd 
       foreign key (id_docente) 
       references docentes
2026-04-20 11:18:42.780 - 
    alter table if exists padres 
       add constraint FKoxmt1l3gqmfuketkatpmxj2l8 
       foreign key (id_usuario) 
       references usuarios
2026-04-20 11:18:42.781 - 
    alter table if exists reservas_auditorio 
       add constraint FK7bc1mnj9vg9s3l086pd8i7mr4 
       foreign key (id_auditorio) 
       references auditorios
2026-04-20 11:18:42.782 - 
    alter table if exists reservas_auditorio 
       add constraint FKp85j3nx4hvwgro5cawqit33iu 
       foreign key (id_usuario) 
       references usuarios
2026-04-20 11:20:18.227 - 
    select
        u1_0.id_usuario 
    from
        usuarios u1_0 
    where
        u1_0.email=? 
    fetch
        first ? rows only
2026-04-20 11:20:18.338 - 
    insert 
    into
        usuarios
        (activo, apellido, email, nombre, password, id_usuario) 
    values
        (?, ?, ?, ?, ?, default)
2026-04-20 11:20:20.480 - 
    select
        u1_0.id_usuario,
        case 
            when u1_1.id_usuario is not null 
                then 1 
            when u1_2.id_usuario is not null 
                then 2 
            when u1_3.id_usuario is not null 
                then 3 
            when u1_4.id_usuario is not null 
                then 4 
            when u1_0.id_usuario is not null 
                then 0 
        end,
        u1_0.activo,
        u1_0.apellido,
        u1_0.email,
        u1_0.nombre,
        u1_0.password,
        u1_1.area,
        u1_1.nivel_acceso,
        u1_1.rol,
        u1_2.departamento,
        u1_2.especialidad,
        u1_2.titulo,
        u1_3.anio_ingreso,
        u1_3.carrera,
        u1_3.legajo,
        u1_4.dni,
        u1_4.telefono 
    from
        usuarios u1_0 
    left join
        administradores u1_1 
            on u1_0.id_usuario=u1_1.id_usuario 
    left join
        docentes u1_2 
            on u1_0.id_usuario=u1_2.id_usuario 
    left join
        estudiantes u1_3 
            on u1_0.id_usuario=u1_3.id_usuario 
    left join
        padres u1_4 
            on u1_0.id_usuario=u1_4.id_usuario 
    where
        u1_0.email=?
2026-04-20 11:20:20.612 - 
    select
        u1_0.id_usuario,
        case 
            when u1_1.id_usuario is not null 
                then 1 
            when u1_2.id_usuario is not null 
                then 2 
            when u1_3.id_usuario is not null 
                then 3 
            when u1_4.id_usuario is not null 
                then 4 
            when u1_0.id_usuario is not null 
                then 0 
        end,
        u1_0.activo,
        u1_0.apellido,
        u1_0.email,
        u1_0.nombre,
        u1_0.password,
        u1_1.area,
        u1_1.nivel_acceso,
        u1_1.rol,
        u1_2.departamento,
        u1_2.especialidad,
        u1_2.titulo,
        u1_3.anio_ingreso,
        u1_3.carrera,
        u1_3.legajo,
        u1_4.dni,
        u1_4.telefono 
    from
        usuarios u1_0 
    left join
        administradores u1_1 
            on u1_0.id_usuario=u1_1.id_usuario 
    left join
        docentes u1_2 
            on u1_0.id_usuario=u1_2.id_usuario 
    left join
        estudiantes u1_3 
            on u1_0.id_usuario=u1_3.id_usuario 
    left join
        padres u1_4 
            on u1_0.id_usuario=u1_4.id_usuario 
    where
        u1_0.email=?
2026-04-20 11:20:20.619 - 
    select
        count(*) 
    from
        administradores a1_0 
    where
        a1_0.id_usuario=?
2026-04-20 11:20:20.622 - 
    select
        count(*) 
    from
        docentes d1_0 
    where
        d1_0.id_usuario=?
2026-04-20 11:20:20.624 - 
    select
        count(*) 
    from
        estudiantes e1_0 
    where
        e1_0.id_usuario=?
2026-04-20 11:20:20.663 - 
    select
        u1_0.id_usuario,
        case 
            when u1_1.id_usuario is not null 
                then 1 
            when u1_2.id_usuario is not null 
                then 2 
            when u1_3.id_usuario is not null 
                then 3 
            when u1_4.id_usuario is not null 
                then 4 
            when u1_0.id_usuario is not null 
                then 0 
        end,
        u1_0.activo,
        u1_0.apellido,
        u1_0.email,
        u1_0.nombre,
        u1_0.password,
        u1_1.area,
        u1_1.nivel_acceso,
        u1_1.rol,
        u1_2.departamento,
        u1_2.especialidad,
        u1_2.titulo,
        u1_3.anio_ingreso,
        u1_3.carrera,
        u1_3.legajo,
        u1_4.dni,
        u1_4.telefono 
    from
        usuarios u1_0 
    left join
        administradores u1_1 
            on u1_0.id_usuario=u1_1.id_usuario 
    left join
        docentes u1_2 
            on u1_0.id_usuario=u1_2.id_usuario 
    left join
        estudiantes u1_3 
            on u1_0.id_usuario=u1_3.id_usuario 
    left join
        padres u1_4 
            on u1_0.id_usuario=u1_4.id_usuario 
    where
        u1_0.email=?
2026-04-20 11:20:20.665 - 
    select
        u1_0.id_usuario,
        case 
            when u1_1.id_usuario is not null 
                then 1 
            when u1_2.id_usuario is not null 
                then 2 
            when u1_3.id_usuario is not null 
                then 3 
            when u1_4.id_usuario is not null 
                then 4 
            when u1_0.id_usuario is not null 
                then 0 
        end,
        u1_0.activo,
        u1_0.apellido,
        u1_0.email,
        u1_0.nombre,
        u1_0.password,
        u1_1.area,
        u1_1.nivel_acceso,
        u1_1.rol,
        u1_2.departamento,
        u1_2.especialidad,
        u1_2.titulo,
        u1_3.anio_ingreso,
        u1_3.carrera,
        u1_3.legajo,
        u1_4.dni,
        u1_4.telefono 
    from
        usuarios u1_0 
    left join
        administradores u1_1 
            on u1_0.id_usuario=u1_1.id_usuario 
    left join
        docentes u1_2 
            on u1_0.id_usuario=u1_2.id_usuario 
    left join
        estudiantes u1_3 
            on u1_0.id_usuario=u1_3.id_usuario 
    left join
        padres u1_4 
            on u1_0.id_usuario=u1_4.id_usuario 
    where
        u1_0.email=?
2026-04-20 11:20:20.668 - 
    select
        u1_0.id_usuario,
        case 
            when u1_1.id_usuario is not null 
                then 1 
            when u1_2.id_usuario is not null 
                then 2 
            when u1_3.id_usuario is not null 
                then 3 
            when u1_4.id_usuario is not null 
                then 4 
            when u1_0.id_usuario is not null 
                then 0 
        end,
        u1_0.activo,
        u1_0.apellido,
        u1_0.email,
        u1_0.nombre,
        u1_0.password,
        u1_1.area,
        u1_1.nivel_acceso,
        u1_1.rol,
        u1_2.departamento,
        u1_2.especialidad,
        u1_2.titulo,
        u1_3.anio_ingreso,
        u1_3.carrera,
        u1_3.legajo,
        u1_4.dni,
        u1_4.telefono 
    from
        usuarios u1_0 
    left join
        administradores u1_1 
            on u1_0.id_usuario=u1_1.id_usuario 
    left join
        docentes u1_2 
            on u1_0.id_usuario=u1_2.id_usuario 
    left join
        estudiantes u1_3 
            on u1_0.id_usuario=u1_3.id_usuario 
    left join
        padres u1_4 
            on u1_0.id_usuario=u1_4.id_usuario 
    where
        u1_0.email=?
2026-04-20 11:20:20.676 - 
    select
        u1_0.id_usuario,
        case 
            when u1_1.id_usuario is not null 
                then 1 
            when u1_2.id_usuario is not null 
                then 2 
            when u1_3.id_usuario is not null 
                then 3 
            when u1_4.id_usuario is not null 
                then 4 
            when u1_0.id_usuario is not null 
                then 0 
        end,
        u1_0.activo,
        u1_0.apellido,
        u1_0.email,
        u1_0.nombre,
        u1_0.password,
        u1_1.area,
        u1_1.nivel_acceso,
        u1_1.rol,
        u1_2.departamento,
        u1_2.especialidad,
        u1_2.titulo,
        u1_3.anio_ingreso,
        u1_3.carrera,
        u1_3.legajo,
        u1_4.dni,
        u1_4.telefono 
    from
        usuarios u1_0 
    left join
        administradores u1_1 
            on u1_0.id_usuario=u1_1.id_usuario 
    left join
        docentes u1_2 
            on u1_0.id_usuario=u1_2.id_usuario 
    left join
        estudiantes u1_3 
            on u1_0.id_usuario=u1_3.id_usuario 
    left join
        padres u1_4 
            on u1_0.id_usuario=u1_4.id_usuario 
    where
        u1_0.email=?
2026-04-20 11:20:20.678 - 
    select
        u1_0.id_usuario,
        case 
            when u1_1.id_usuario is not null 
                then 1 
            when u1_2.id_usuario is not null 
                then 2 
            when u1_3.id_usuario is not null 
                then 3 
            when u1_4.id_usuario is not null 
                then 4 
            when u1_0.id_usuario is not null 
                then 0 
        end,
        u1_0.activo,
        u1_0.apellido,
        u1_0.email,
        u1_0.nombre,
        u1_0.password,
        u1_1.area,
        u1_1.nivel_acceso,
        u1_1.rol,
        u1_2.departamento,
        u1_2.especialidad,
        u1_2.titulo,
        u1_3.anio_ingreso,
        u1_3.carrera,
        u1_3.legajo,
        u1_4.dni,
        u1_4.telefono 
    from
        usuarios u1_0 
    left join
        administradores u1_1 
            on u1_0.id_usuario=u1_1.id_usuario 
    left join
        docentes u1_2 
            on u1_0.id_usuario=u1_2.id_usuario 
    left join
        estudiantes u1_3 
            on u1_0.id_usuario=u1_3.id_usuario 
    left join
        padres u1_4 
            on u1_0.id_usuario=u1_4.id_usuario 
    where
        u1_0.email=?
2026-04-20 11:20:20.680 - 
    select
        u1_0.id_usuario,
        case 
            when u1_1.id_usuario is not null 
                then 1 
            when u1_2.id_usuario is not null 
                then 2 
            when u1_3.id_usuario is not null 
                then 3 
            when u1_4.id_usuario is not null 
                then 4 
            when u1_0.id_usuario is not null 
                then 0 
        end,
        u1_0.activo,
        u1_0.apellido,
        u1_0.email,
        u1_0.nombre,
        u1_0.password,
        u1_1.area,
        u1_1.nivel_acceso,
        u1_1.rol,
        u1_2.departamento,
        u1_2.especialidad,
        u1_2.titulo,
        u1_3.anio_ingreso,
        u1_3.carrera,
        u1_3.legajo,
        u1_4.dni,
        u1_4.telefono 
    from
        usuarios u1_0 
    left join
        administradores u1_1 
            on u1_0.id_usuario=u1_1.id_usuario 
    left join
        docentes u1_2 
            on u1_0.id_usuario=u1_2.id_usuario 
    left join
        estudiantes u1_3 
            on u1_0.id_usuario=u1_3.id_usuario 
    left join
        padres u1_4 
            on u1_0.id_usuario=u1_4.id_usuario 
    where
        u1_0.email=?
2026-04-20 11:29:30.922 - 
    drop table if exists administradores cascade 
2026-04-20 11:29:30.923 - 
    drop table if exists auditorios cascade 
2026-04-20 11:29:30.924 - 
    drop table if exists docentes cascade 
2026-04-20 11:29:30.925 - 
    drop table if exists estudiantes cascade 
2026-04-20 11:29:30.925 - 
    drop table if exists inscripciones cascade 
2026-04-20 11:29:30.926 - 
    drop table if exists materias cascade 
2026-04-20 11:29:30.926 - 
    drop table if exists padres cascade 
2026-04-20 11:29:30.927 - 
    drop table if exists periodos cascade 
2026-04-20 11:29:30.927 - 
    drop table if exists reservas_auditorio cascade 
2026-04-20 11:29:30.928 - 
    drop table if exists usuarios cascade 
