2026-04-27 08:15:19.575 - 
    create global temporary table HT_usuarios(id_usuario bigint not null, primary key (id_usuario)) transactional
2026-04-27 08:15:19.582 - 
    create global temporary table HTE_usuarios(activo boolean, HTE_IDENTITY bigint generated 
by
    default as identity, idUsuario bigint, apellido varchar(100), nombre varchar(100), email varchar(255), password varchar(255), primary key (HTE_IDENTITY)) transactional
2026-04-27 08:15:19.586 - 
    create global temporary table HTE_administradores(activo boolean, nivelAcceso integer, HTE_IDENTITY bigint generated 
by
    default as identity, idUsuario bigint, rol varchar(50), apellido varchar(100), area varchar(100), nombre varchar(100), email varchar(255), password varchar(255), primary key (HTE_IDENTITY)) transactional
2026-04-27 08:15:19.587 - 
    create global temporary table HTE_estudiantes(activo boolean, anioIngreso integer, HTE_IDENTITY bigint generated 
by
    default as identity, idUsuario bigint, legajo varchar(20), apellido varchar(100), carrera varchar(100), nombre varchar(100), email varchar(255), password varchar(255), primary key (HTE_IDENTITY)) transactional
2026-04-27 08:15:19.588 - 
    create global temporary table HTE_docentes(activo boolean, HTE_IDENTITY bigint generated 
by
    default as identity, idUsuario bigint, apellido varchar(100), departamento varchar(100), especialidad varchar(100), nombre varchar(100), titulo varchar(200), email varchar(255), password varchar(255), primary key (HTE_IDENTITY)) transactional
2026-04-27 08:15:19.715 - 
    drop table if exists administradores cascade 
2026-04-27 08:15:19.715 - 
    drop table if exists auditoria cascade 
2026-04-27 08:15:19.716 - 
    drop table if exists auditorios cascade 
2026-04-27 08:15:19.716 - 
    drop table if exists docentes cascade 
2026-04-27 08:15:19.716 - 
    drop table if exists estudiantes cascade 
2026-04-27 08:15:19.716 - 
    drop table if exists inscripciones cascade 
2026-04-27 08:15:19.716 - 
    drop table if exists materias cascade 
2026-04-27 08:15:19.716 - 
    drop table if exists periodos cascade 
2026-04-27 08:15:19.717 - 
    drop table if exists reservas_auditorio cascade 
2026-04-27 08:15:19.717 - 
    drop table if exists usuarios cascade 
2026-04-27 08:15:19.721 - 
    create table administradores (
        nivel_acceso integer,
        id_usuario bigint not null,
        rol varchar(50) not null,
        area varchar(100),
        primary key (id_usuario)
    )
2026-04-27 08:15:19.722 - 
    create table auditoria (
        id_entidad bigint,
        id_registro bigint generated by default as identity,
        id_usuario bigint,
        timestamp_evento timestamp(6) not null,
        ip_origen varchar(45),
        accion varchar(50) not null,
        hash_actual varchar(64) not null unique,
        hash_anterior varchar(64) not null,
        entidad varchar(100) not null,
        descripcion TEXT,
        email_usuario varchar(255),
        primary key (id_registro)
    )
2026-04-27 08:15:19.724 - 
    create table auditorios (
        activo boolean not null,
        capacidad integer not null,
        id_auditorio bigint generated by default as identity,
        nombre varchar(150) not null unique,
        ubicacion varchar(200),
        descripcion TEXT,
        equipamiento TEXT,
        primary key (id_auditorio)
    )
2026-04-27 08:15:19.725 - 
    create table docentes (
        id_usuario bigint not null,
        departamento varchar(100),
        especialidad varchar(100),
        titulo varchar(200),
        primary key (id_usuario)
    )
2026-04-27 08:15:19.726 - 
    create table estudiantes (
        anio_ingreso integer,
        id_usuario bigint not null,
        legajo varchar(20) not null unique,
        carrera varchar(100) not null,
        primary key (id_usuario)
    )
2026-04-27 08:15:19.727 - 
    create table inscripciones (
        asistencias integer,
        fecha_inscripcion date not null,
        nota_cerrada boolean not null,
        nota_final float(53),
        nota_parcial1 float(53),
        nota_parcial2 float(53),
        id_estudiante bigint not null,
        id_inscripcion bigint generated by default as identity,
        id_materia bigint not null,
        estado varchar(20) not null,
        primary key (id_inscripcion)
    )
2026-04-27 08:15:19.727 - 
    create table materias (
        anio integer,
        creditos integer,
        cuatrimestre integer,
        id_docente bigint,
        id_materia bigint generated by default as identity,
        codigo varchar(20) not null unique,
        nombre varchar(200) not null,
        descripcion TEXT,
        primary key (id_materia)
    )
2026-04-27 08:15:19.729 - 
    create table periodos (
        activo boolean not null,
        anio integer not null,
        cuatrimestre integer not null,
        fecha_fin date not null,
        fecha_inicio date not null,
        id_periodo bigint generated by default as identity,
        nombre varchar(100) not null,
        primary key (id_periodo)
    )
2026-04-27 08:15:19.730 - 
    create table reservas_auditorio (
        fecha date not null,
        hora_fin time(0) not null,
        hora_inicio time(0) not null,
        id_auditorio bigint not null,
        id_reserva bigint generated by default as identity,
        id_usuario bigint not null,
        estado varchar(20) not null,
        motivo varchar(300) not null,
        descripcion TEXT,
        observaciones TEXT,
        primary key (id_reserva)
    )
2026-04-27 08:15:19.731 - 
    create table usuarios (
        activo boolean not null,
        id_usuario bigint generated by default as identity,
        apellido varchar(100) not null,
        nombre varchar(100) not null,
        email varchar(255) not null unique,
        password varchar(255) not null,
        primary key (id_usuario)
    )
2026-04-27 08:15:19.732 - 
    alter table if exists administradores 
       add constraint FK28dj1ai3f8gnqhjuns8dnamrp 
       foreign key (id_usuario) 
       references usuarios
2026-04-27 08:15:19.741 - 
    alter table if exists docentes 
       add constraint FK489bautdwr1vo00f1nm0ipysi 
       foreign key (id_usuario) 
       references usuarios
2026-04-27 08:15:19.742 - 
    alter table if exists estudiantes 
       add constraint FKaiehyv3poghvcl0erh0vrw76q 
       foreign key (id_usuario) 
       references usuarios
2026-04-27 08:15:19.742 - 
    alter table if exists inscripciones 
       add constraint FKek59i6fh86qxytodhvtvsfkv9 
       foreign key (id_estudiante) 
       references estudiantes
2026-04-27 08:15:19.743 - 
    alter table if exists inscripciones 
       add constraint FKmkchqo2wdwfkno7pdtrmuw5xp 
       foreign key (id_materia) 
       references materias
2026-04-27 08:15:19.744 - 
    alter table if exists materias 
       add constraint FK89tuqig6ixo7nsy0cukn3yvyd 
       foreign key (id_docente) 
       references docentes
2026-04-27 08:15:19.745 - 
    alter table if exists reservas_auditorio 
       add constraint FK7bc1mnj9vg9s3l086pd8i7mr4 
       foreign key (id_auditorio) 
       references auditorios
2026-04-27 08:15:19.746 - 
    alter table if exists reservas_auditorio 
       add constraint FKp85j3nx4hvwgro5cawqit33iu 
       foreign key (id_usuario) 
       references usuarios
2026-04-27 08:15:21.532 - 
    select
        count(*) 
    from
        administradores a1_0
2026-04-27 08:15:21.641 - 
    insert 
    into
        usuarios
        (activo, apellido, email, nombre, password, id_usuario) 
    values
        (?, ?, ?, ?, ?, default)
2026-04-27 08:15:21.648 - 
    insert 
    into
        administradores
        (area, nivel_acceso, rol, id_usuario) 
    values
        (?, ?, ?, ?)
2026-04-27 08:17:17.843 - 
    drop table if exists administradores cascade 
2026-04-27 08:17:17.845 - 
    drop table if exists auditoria cascade 
2026-04-27 08:17:17.846 - 
    drop table if exists auditorios cascade 
2026-04-27 08:17:17.847 - 
    drop table if exists docentes cascade 
2026-04-27 08:17:17.848 - 
    drop table if exists estudiantes cascade 
2026-04-27 08:17:17.849 - 
    drop table if exists inscripciones cascade 
2026-04-27 08:17:17.849 - 
    drop table if exists materias cascade 
2026-04-27 08:17:17.850 - 
    drop table if exists periodos cascade 
2026-04-27 08:17:17.850 - 
    drop table if exists reservas_auditorio cascade 
2026-04-27 08:17:17.851 - 
    drop table if exists usuarios cascade 
2026-04-27 08:22:50.732 - 
    create global temporary table HT_usuarios(id_usuario bigint not null, primary key (id_usuario)) transactional
2026-04-27 08:22:50.739 - 
    create global temporary table HTE_usuarios(activo boolean, HTE_IDENTITY bigint generated 
by
    default as identity, idUsuario bigint, apellido varchar(100), nombre varchar(100), email varchar(255), password varchar(255), primary key (HTE_IDENTITY)) transactional
2026-04-27 08:22:50.741 - 
    create global temporary table HTE_administradores(activo boolean, nivelAcceso integer, HTE_IDENTITY bigint generated 
by
    default as identity, idUsuario bigint, rol varchar(50), apellido varchar(100), area varchar(100), nombre varchar(100), email varchar(255), password varchar(255), primary key (HTE_IDENTITY)) transactional
2026-04-27 08:22:50.743 - 
    create global temporary table HTE_estudiantes(activo boolean, anioIngreso integer, HTE_IDENTITY bigint generated 
by
    default as identity, idUsuario bigint, legajo varchar(20), apellido varchar(100), carrera varchar(100), nombre varchar(100), email varchar(255), password varchar(255), primary key (HTE_IDENTITY)) transactional
2026-04-27 08:22:50.744 - 
    create global temporary table HTE_docentes(activo boolean, HTE_IDENTITY bigint generated 
by
    default as identity, idUsuario bigint, apellido varchar(100), departamento varchar(100), especialidad varchar(100), nombre varchar(100), titulo varchar(200), email varchar(255), password varchar(255), primary key (HTE_IDENTITY)) transactional
2026-04-27 08:22:50.876 - 
    drop table if exists administradores cascade 
2026-04-27 08:22:50.877 - 
    drop table if exists auditoria cascade 
2026-04-27 08:22:50.877 - 
    drop table if exists auditorios cascade 
2026-04-27 08:22:50.877 - 
    drop table if exists docentes cascade 
2026-04-27 08:22:50.877 - 
    drop table if exists estudiantes cascade 
2026-04-27 08:22:50.877 - 
    drop table if exists inscripciones cascade 
2026-04-27 08:22:50.878 - 
    drop table if exists materias cascade 
2026-04-27 08:22:50.878 - 
    drop table if exists periodos cascade 
2026-04-27 08:22:50.878 - 
    drop table if exists reservas_auditorio cascade 
2026-04-27 08:22:50.878 - 
    drop table if exists usuarios cascade 
2026-04-27 08:22:50.882 - 
    create table administradores (
        nivel_acceso integer,
        id_usuario bigint not null,
        rol varchar(50) not null,
        area varchar(100),
        primary key (id_usuario)
    )
2026-04-27 08:22:50.884 - 
    create table auditoria (
        id_entidad bigint,
        id_registro bigint generated by default as identity,
        id_usuario bigint,
        timestamp_evento timestamp(6) not null,
        ip_origen varchar(45),
        accion varchar(50) not null,
        hash_actual varchar(64) not null unique,
        hash_anterior varchar(64) not null,
        entidad varchar(100) not null,
        descripcion TEXT,
        email_usuario varchar(255),
        primary key (id_registro)
    )
2026-04-27 08:22:50.886 - 
    create table auditorios (
        activo boolean not null,
        capacidad integer not null,
        id_auditorio bigint generated by default as identity,
        nombre varchar(150) not null unique,
        ubicacion varchar(200),
        descripcion TEXT,
        equipamiento TEXT,
        primary key (id_auditorio)
    )
2026-04-27 08:22:50.887 - 
    create table docentes (
        id_usuario bigint not null,
        departamento varchar(100),
        especialidad varchar(100),
        titulo varchar(200),
        primary key (id_usuario)
    )
2026-04-27 08:22:50.888 - 
    create table estudiantes (
        anio_ingreso integer,
        id_usuario bigint not null,
        legajo varchar(20) not null unique,
        carrera varchar(100) not null,
        primary key (id_usuario)
    )
2026-04-27 08:22:50.889 - 
    create table inscripciones (
        asistencias integer,
        fecha_inscripcion date not null,
        nota_cerrada boolean not null,
        nota_final float(53),
        nota_parcial1 float(53),
        nota_parcial2 float(53),
        id_estudiante bigint not null,
        id_inscripcion bigint generated by default as identity,
        id_materia bigint not null,
        estado varchar(20) not null,
        primary key (id_inscripcion)
    )
2026-04-27 08:22:50.889 - 
    create table materias (
        anio integer,
        creditos integer,
        cuatrimestre integer,
        id_docente bigint,
        id_materia bigint generated by default as identity,
        codigo varchar(20) not null unique,
        nombre varchar(200) not null,
        descripcion TEXT,
        primary key (id_materia)
    )
2026-04-27 08:22:50.892 - 
    create table periodos (
        activo boolean not null,
        anio integer not null,
        cuatrimestre integer not null,
        fecha_fin date not null,
        fecha_inicio date not null,
        id_periodo bigint generated by default as identity,
        nombre varchar(100) not null,
        primary key (id_periodo)
    )
2026-04-27 08:22:50.893 - 
    create table reservas_auditorio (
        fecha date not null,
        hora_fin time(0) not null,
        hora_inicio time(0) not null,
        id_auditorio bigint not null,
        id_reserva bigint generated by default as identity,
        id_usuario bigint not null,
        estado varchar(20) not null,
        motivo varchar(300) not null,
        descripcion TEXT,
        observaciones TEXT,
        primary key (id_reserva)
    )
2026-04-27 08:22:50.893 - 
    create table usuarios (
        activo boolean not null,
        id_usuario bigint generated by default as identity,
        apellido varchar(100) not null,
        nombre varchar(100) not null,
        email varchar(255) not null unique,
        password varchar(255) not null,
        primary key (id_usuario)
    )
2026-04-27 08:22:50.895 - 
    alter table if exists administradores 
       add constraint FK28dj1ai3f8gnqhjuns8dnamrp 
       foreign key (id_usuario) 
       references usuarios
2026-04-27 08:22:50.903 - 
    alter table if exists docentes 
       add constraint FK489bautdwr1vo00f1nm0ipysi 
       foreign key (id_usuario) 
       references usuarios
2026-04-27 08:22:50.904 - 
    alter table if exists estudiantes 
       add constraint FKaiehyv3poghvcl0erh0vrw76q 
       foreign key (id_usuario) 
       references usuarios
2026-04-27 08:22:50.905 - 
    alter table if exists inscripciones 
       add constraint FKek59i6fh86qxytodhvtvsfkv9 
       foreign key (id_estudiante) 
       references estudiantes
2026-04-27 08:22:50.906 - 
    alter table if exists inscripciones 
       add constraint FKmkchqo2wdwfkno7pdtrmuw5xp 
       foreign key (id_materia) 
       references materias
2026-04-27 08:22:50.907 - 
    alter table if exists materias 
       add constraint FK89tuqig6ixo7nsy0cukn3yvyd 
       foreign key (id_docente) 
       references docentes
2026-04-27 08:22:50.908 - 
    alter table if exists reservas_auditorio 
       add constraint FK7bc1mnj9vg9s3l086pd8i7mr4 
       foreign key (id_auditorio) 
       references auditorios
2026-04-27 08:22:50.909 - 
    alter table if exists reservas_auditorio 
       add constraint FKp85j3nx4hvwgro5cawqit33iu 
       foreign key (id_usuario) 
       references usuarios
2026-04-27 08:22:52.600 - 
    select
        count(*) 
    from
        administradores a1_0
2026-04-27 08:22:52.711 - 
    insert 
    into
        usuarios
        (activo, apellido, email, nombre, password, id_usuario) 
    values
        (?, ?, ?, ?, ?, default)
2026-04-27 08:22:52.717 - 
    insert 
    into
        administradores
        (area, nivel_acceso, rol, id_usuario) 
    values
        (?, ?, ?, ?)
2026-04-27 08:24:30.605 - 
    select
        u1_0.id_usuario,
        case 
            when u1_1.id_usuario is not null 
                then 1 
            when u1_2.id_usuario is not null 
                then 2 
            when u1_3.id_usuario is not null 
                then 3 
            when u1_0.id_usuario is not null 
                then 0 
        end,
        u1_0.activo,
        u1_0.apellido,
        u1_0.email,
        u1_0.nombre,
        u1_0.password,
        u1_1.area,
        u1_1.nivel_acceso,
        u1_1.rol,
        u1_2.departamento,
        u1_2.especialidad,
        u1_2.titulo,
        u1_3.anio_ingreso,
        u1_3.carrera,
        u1_3.legajo 
    from
        usuarios u1_0 
    left join
        administradores u1_1 
            on u1_0.id_usuario=u1_1.id_usuario 
    left join
        docentes u1_2 
            on u1_0.id_usuario=u1_2.id_usuario 
    left join
        estudiantes u1_3 
            on u1_0.id_usuario=u1_3.id_usuario 
    where
        u1_0.email=?
2026-04-27 08:24:30.756 - 
    select
        u1_0.id_usuario,
        case 
            when u1_1.id_usuario is not null 
                then 1 
            when u1_2.id_usuario is not null 
                then 2 
            when u1_3.id_usuario is not null 
                then 3 
            when u1_0.id_usuario is not null 
                then 0 
        end,
        u1_0.activo,
        u1_0.apellido,
        u1_0.email,
        u1_0.nombre,
        u1_0.password,
        u1_1.area,
        u1_1.nivel_acceso,
        u1_1.rol,
        u1_2.departamento,
        u1_2.especialidad,
        u1_2.titulo,
        u1_3.anio_ingreso,
        u1_3.carrera,
        u1_3.legajo 
    from
        usuarios u1_0 
    left join
        administradores u1_1 
            on u1_0.id_usuario=u1_1.id_usuario 
    left join
        docentes u1_2 
            on u1_0.id_usuario=u1_2.id_usuario 
    left join
        estudiantes u1_3 
            on u1_0.id_usuario=u1_3.id_usuario 
    where
        u1_0.email=?
2026-04-27 08:24:30.759 - 
    select
        count(*) 
    from
        administradores a1_0 
    where
        a1_0.id_usuario=?
2026-04-27 08:29:16.399 - 
    drop table if exists administradores cascade 
2026-04-27 08:29:16.401 - 
    drop table if exists auditoria cascade 
2026-04-27 08:29:16.402 - 
    drop table if exists auditorios cascade 
2026-04-27 08:29:16.403 - 
    drop table if exists docentes cascade 
2026-04-27 08:29:16.404 - 
    drop table if exists estudiantes cascade 
2026-04-27 08:29:16.404 - 
    drop table if exists inscripciones cascade 
2026-04-27 08:29:16.405 - 
    drop table if exists materias cascade 
2026-04-27 08:29:16.406 - 
    drop table if exists periodos cascade 
2026-04-27 08:29:16.406 - 
    drop table if exists reservas_auditorio cascade 
2026-04-27 08:29:16.407 - 
    drop table if exists usuarios cascade 
2026-04-27 08:30:03.782 - 
    create global temporary table HT_usuarios(id_usuario bigint not null, primary key (id_usuario)) transactional
2026-04-27 08:30:03.789 - 
    create global temporary table HTE_usuarios(activo boolean, HTE_IDENTITY bigint generated 
by
    default as identity, idUsuario bigint, apellido varchar(100), nombre varchar(100), email varchar(255), password varchar(255), primary key (HTE_IDENTITY)) transactional
2026-04-27 08:30:03.791 - 
    create global temporary table HTE_administradores(activo boolean, nivelAcceso integer, HTE_IDENTITY bigint generated 
by
    default as identity, idUsuario bigint, rol varchar(50), apellido varchar(100), area varchar(100), nombre varchar(100), email varchar(255), password varchar(255), primary key (HTE_IDENTITY)) transactional
2026-04-27 08:30:03.793 - 
    create global temporary table HTE_estudiantes(activo boolean, anioIngreso integer, HTE_IDENTITY bigint generated 
by
    default as identity, idUsuario bigint, legajo varchar(20), apellido varchar(100), carrera varchar(100), nombre varchar(100), email varchar(255), password varchar(255), primary key (HTE_IDENTITY)) transactional
2026-04-27 08:30:03.794 - 
    create global temporary table HTE_docentes(activo boolean, HTE_IDENTITY bigint generated 
by
    default as identity, idUsuario bigint, apellido varchar(100), departamento varchar(100), especialidad varchar(100), nombre varchar(100), titulo varchar(200), email varchar(255), password varchar(255), primary key (HTE_IDENTITY)) transactional
2026-04-27 08:30:03.925 - 
    drop table if exists administradores cascade 
2026-04-27 08:30:03.926 - 
    drop table if exists auditoria cascade 
2026-04-27 08:30:03.926 - 
    drop table if exists auditorios cascade 
2026-04-27 08:30:03.926 - 
    drop table if exists docentes cascade 
2026-04-27 08:30:03.926 - 
    drop table if exists estudiantes cascade 
2026-04-27 08:30:03.926 - 
    drop table if exists inscripciones cascade 
2026-04-27 08:30:03.926 - 
    drop table if exists materias cascade 
2026-04-27 08:30:03.927 - 
    drop table if exists periodos cascade 
2026-04-27 08:30:03.927 - 
    drop table if exists reservas_auditorio cascade 
2026-04-27 08:30:03.927 - 
    drop table if exists usuarios cascade 
2026-04-27 08:30:03.930 - 
    create table administradores (
        nivel_acceso integer,
        id_usuario bigint not null,
        rol varchar(50) not null,
        area varchar(100),
        primary key (id_usuario)
    )
2026-04-27 08:30:03.931 - 
    create table auditoria (
        id_entidad bigint,
        id_registro bigint generated by default as identity,
        id_usuario bigint,
        timestamp_evento timestamp(6) not null,
        ip_origen varchar(45),
        accion varchar(50) not null,
        hash_actual varchar(64) not null unique,
        hash_anterior varchar(64) not null,
        entidad varchar(100) not null,
        descripcion TEXT,
        email_usuario varchar(255),
        primary key (id_registro)
    )
2026-04-27 08:30:03.933 - 
    create table auditorios (
        activo boolean not null,
        capacidad integer not null,
        id_auditorio bigint generated by default as identity,
        nombre varchar(150) not null unique,
        ubicacion varchar(200),
        descripcion TEXT,
        equipamiento TEXT,
        primary key (id_auditorio)
    )
2026-04-27 08:30:03.934 - 
    create table docentes (
        id_usuario bigint not null,
        departamento varchar(100),
        especialidad varchar(100),
        titulo varchar(200),
        primary key (id_usuario)
    )
2026-04-27 08:30:03.935 - 
    create table estudiantes (
        anio_ingreso integer,
        id_usuario bigint not null,
        legajo varchar(20) not null unique,
        carrera varchar(100) not null,
        primary key (id_usuario)
    )
2026-04-27 08:30:03.937 - 
    create table inscripciones (
        asistencias integer,
        fecha_inscripcion date not null,
        nota_cerrada boolean not null,
        nota_final float(53),
        nota_parcial1 float(53),
        nota_parcial2 float(53),
        id_estudiante bigint not null,
        id_inscripcion bigint generated by default as identity,
        id_materia bigint not null,
        estado varchar(20) not null,
        primary key (id_inscripcion)
    )
2026-04-27 08:30:03.938 - 
    create table materias (
        anio integer,
        creditos integer,
        cuatrimestre integer,
        id_docente bigint,
        id_materia bigint generated by default as identity,
        codigo varchar(20) not null unique,
        nombre varchar(200) not null,
        descripcion TEXT,
        primary key (id_materia)
    )
2026-04-27 08:30:03.940 - 
    create table periodos (
        activo boolean not null,
        anio integer not null,
        cuatrimestre integer not null,
        fecha_fin date not null,
        fecha_inicio date not null,
        id_periodo bigint generated by default as identity,
        nombre varchar(100) not null,
        primary key (id_periodo)
    )
2026-04-27 08:30:03.941 - 
    create table reservas_auditorio (
        fecha date not null,
        hora_fin time(0) not null,
        hora_inicio time(0) not null,
        id_auditorio bigint not null,
        id_reserva bigint generated by default as identity,
        id_usuario bigint not null,
        estado varchar(20) not null,
        motivo varchar(300) not null,
        descripcion TEXT,
        observaciones TEXT,
        primary key (id_reserva)
    )
2026-04-27 08:30:03.941 - 
    create table usuarios (
        activo boolean not null,
        id_usuario bigint generated by default as identity,
        apellido varchar(100) not null,
        nombre varchar(100) not null,
        email varchar(255) not null unique,
        password varchar(255) not null,
        primary key (id_usuario)
    )
2026-04-27 08:30:03.942 - 
    alter table if exists administradores 
       add constraint FK28dj1ai3f8gnqhjuns8dnamrp 
       foreign key (id_usuario) 
       references usuarios
2026-04-27 08:30:03.950 - 
    alter table if exists docentes 
       add constraint FK489bautdwr1vo00f1nm0ipysi 
       foreign key (id_usuario) 
       references usuarios
2026-04-27 08:30:03.951 - 
    alter table if exists estudiantes 
       add constraint FKaiehyv3poghvcl0erh0vrw76q 
       foreign key (id_usuario) 
       references usuarios
2026-04-27 08:30:03.953 - 
    alter table if exists inscripciones 
       add constraint FKek59i6fh86qxytodhvtvsfkv9 
       foreign key (id_estudiante) 
       references estudiantes
2026-04-27 08:30:03.954 - 
    alter table if exists inscripciones 
       add constraint FKmkchqo2wdwfkno7pdtrmuw5xp 
       foreign key (id_materia) 
       references materias
2026-04-27 08:30:03.956 - 
    alter table if exists materias 
       add constraint FK89tuqig6ixo7nsy0cukn3yvyd 
       foreign key (id_docente) 
       references docentes
2026-04-27 08:30:03.957 - 
    alter table if exists reservas_auditorio 
       add constraint FK7bc1mnj9vg9s3l086pd8i7mr4 
       foreign key (id_auditorio) 
       references auditorios
2026-04-27 08:30:03.958 - 
    alter table if exists reservas_auditorio 
       add constraint FKp85j3nx4hvwgro5cawqit33iu 
       foreign key (id_usuario) 
       references usuarios
2026-04-27 08:30:05.632 - 
    select
        count(*) 
    from
        administradores a1_0
2026-04-27 08:30:05.741 - 
    insert 
    into
        usuarios
        (activo, apellido, email, nombre, password, id_usuario) 
    values
        (?, ?, ?, ?, ?, default)
2026-04-27 08:30:05.748 - 
    insert 
    into
        administradores
        (area, nivel_acceso, rol, id_usuario) 
    values
        (?, ?, ?, ?)
2026-04-27 08:31:58.642 - 
    drop table if exists administradores cascade 
2026-04-27 08:31:58.643 - 
    drop table if exists auditoria cascade 
2026-04-27 08:31:58.644 - 
    drop table if exists auditorios cascade 
2026-04-27 08:31:58.644 - 
    drop table if exists docentes cascade 
2026-04-27 08:31:58.645 - 
    drop table if exists estudiantes cascade 
2026-04-27 08:31:58.645 - 
    drop table if exists inscripciones cascade 
2026-04-27 08:31:58.646 - 
    drop table if exists materias cascade 
2026-04-27 08:31:58.647 - 
    drop table if exists periodos cascade 
2026-04-27 08:31:58.647 - 
    drop table if exists reservas_auditorio cascade 
2026-04-27 08:31:58.648 - 
    drop table if exists usuarios cascade 
