2026-04-14 08:38:36.882 - 
    create global temporary table HT_usuarios(id_usuario bigint not null, primary key (id_usuario)) transactional
2026-04-14 08:38:36.890 - 
    create global temporary table HTE_usuarios(activo boolean, HTE_IDENTITY bigint generated 
by
    default as identity, idUsuario bigint, apellido varchar(100), nombre varchar(100), email varchar(255), password varchar(255), primary key (HTE_IDENTITY)) transactional
2026-04-14 08:38:36.893 - 
    create global temporary table HTE_administradores(activo boolean, nivelAcceso integer, HTE_IDENTITY bigint generated 
by
    default as identity, idUsuario bigint, rol varchar(50), apellido varchar(100), area varchar(100), nombre varchar(100), email varchar(255), password varchar(255), primary key (HTE_IDENTITY)) transactional
2026-04-14 08:38:36.897 - 
    create global temporary table HTE_estudiantes(activo boolean, anioIngreso integer, HTE_IDENTITY bigint generated 
by
    default as identity, idUsuario bigint, legajo varchar(20), apellido varchar(100), carrera varchar(100), nombre varchar(100), email varchar(255), password varchar(255), primary key (HTE_IDENTITY)) transactional
2026-04-14 08:38:36.898 - 
    create global temporary table HTE_docentes(activo boolean, HTE_IDENTITY bigint generated 
by
    default as identity, idUsuario bigint, apellido varchar(100), departamento varchar(100), especialidad varchar(100), nombre varchar(100), titulo varchar(200), email varchar(255), password varchar(255), primary key (HTE_IDENTITY)) transactional
2026-04-14 08:38:37.027 - 
    drop table if exists administradores cascade 
2026-04-14 08:38:37.027 - 
    drop table if exists docentes cascade 
2026-04-14 08:38:37.028 - 
    drop table if exists estudiantes cascade 
2026-04-14 08:38:37.028 - 
    drop table if exists inscripciones cascade 
2026-04-14 08:38:37.028 - 
    drop table if exists materias cascade 
2026-04-14 08:38:37.028 - 
    drop table if exists usuarios cascade 
2026-04-14 08:38:37.032 - 
    create table administradores (
        nivel_acceso integer,
        id_usuario bigint not null,
        rol varchar(50) not null,
        area varchar(100),
        primary key (id_usuario)
    )
2026-04-14 08:38:37.033 - 
    create table docentes (
        id_usuario bigint not null,
        departamento varchar(100),
        especialidad varchar(100),
        titulo varchar(200),
        primary key (id_usuario)
    )
2026-04-14 08:38:37.034 - 
    create table estudiantes (
        anio_ingreso integer,
        id_usuario bigint not null,
        legajo varchar(20) not null unique,
        carrera varchar(100) not null,
        primary key (id_usuario)
    )
2026-04-14 08:38:37.036 - 
    create table inscripciones (
        asistencias integer,
        fecha_inscripcion date not null,
        nota_final float(53),
        nota_parcial1 float(53),
        nota_parcial2 float(53),
        id_estudiante bigint not null,
        id_inscripcion bigint generated by default as identity,
        id_materia bigint not null,
        estado varchar(20) not null,
        primary key (id_inscripcion)
    )
2026-04-14 08:38:37.037 - 
    create table materias (
        anio integer,
        creditos integer,
        cuatrimestre integer,
        id_docente bigint,
        id_materia bigint generated by default as identity,
        codigo varchar(20) not null unique,
        nombre varchar(200) not null,
        descripcion TEXT,
        primary key (id_materia)
    )
2026-04-14 08:38:37.038 - 
    create table usuarios (
        activo boolean not null,
        id_usuario bigint generated by default as identity,
        apellido varchar(100) not null,
        nombre varchar(100) not null,
        email varchar(255) not null unique,
        password varchar(255) not null,
        primary key (id_usuario)
    )
2026-04-14 08:38:37.040 - 
    alter table if exists administradores 
       add constraint FK28dj1ai3f8gnqhjuns8dnamrp 
       foreign key (id_usuario) 
       references usuarios
2026-04-14 08:38:37.048 - 
    alter table if exists docentes 
       add constraint FK489bautdwr1vo00f1nm0ipysi 
       foreign key (id_usuario) 
       references usuarios
2026-04-14 08:38:37.049 - 
    alter table if exists estudiantes 
       add constraint FKaiehyv3poghvcl0erh0vrw76q 
       foreign key (id_usuario) 
       references usuarios
2026-04-14 08:38:37.050 - 
    alter table if exists inscripciones 
       add constraint FKek59i6fh86qxytodhvtvsfkv9 
       foreign key (id_estudiante) 
       references estudiantes
2026-04-14 08:38:37.052 - 
    alter table if exists inscripciones 
       add constraint FKmkchqo2wdwfkno7pdtrmuw5xp 
       foreign key (id_materia) 
       references materias
2026-04-14 08:38:37.053 - 
    alter table if exists materias 
       add constraint FK89tuqig6ixo7nsy0cukn3yvyd 
       foreign key (id_docente) 
       references docentes
2026-04-14 12:03:51.402 - 
    drop table if exists administradores cascade 
2026-04-14 12:03:51.403 - 
    drop table if exists docentes cascade 
2026-04-14 12:03:51.403 - 
    drop table if exists estudiantes cascade 
2026-04-14 12:03:51.404 - 
    drop table if exists inscripciones cascade 
2026-04-14 12:03:51.405 - 
    drop table if exists materias cascade 
2026-04-14 12:03:51.406 - 
    drop table if exists usuarios cascade 
